{"total": {"lines":{"total":47495,"covered":12949,"skipped":0,"pct":27.26},"statements":{"total":48063,"covered":13348,"skipped":0,"pct":27.77},"functions":{"total":15058,"covered":1472,"skipped":0,"pct":9.78},"branches":{"total":99254,"covered":5329,"skipped":0,"pct":5.37}}
,"/Users/rcombs/dev/clay/cnn-content-hub/app/environment-reload.js": {"lines":{"total":46,"covered":43,"skipped":0,"pct":93.48},"functions":{"total":8,"covered":7,"skipped":0,"pct":87.5},"statements":{"total":47,"covered":44,"skipped":0,"pct":93.62},"branches":{"total":20,"covered":16,"skipped":0,"pct":80}}
,"/Users/rcombs/dev/clay/cnn-content-hub/app/components/accordion/client.js": {"lines":{"total":16,"covered":16,"skipped":0,"pct":100},"functions":{"total":3,"covered":3,"skipped":0,"pct":100},"statements":{"total":16,"covered":16,"skipped":0,"pct":100},"branches":{"total":6,"covered":5,"skipped":0,"pct":83.33}}
,"/Users/rcombs/dev/clay/cnn-content-hub/app/components/accordion-item/client.js": {"lines":{"total":13,"covered":13,"skipped":0,"pct":100},"functions":{"total":3,"covered":3,"skipped":0,"pct":100},"statements":{"total":13,"covered":13,"skipped":0,"pct":100},"branches":{"total":4,"covered":4,"skipped":0,"pct":100}}
,"/Users/rcombs/dev/clay/cnn-content-hub/app/components/ad-config/model.js": {"lines":{"total":8,"covered":8,"skipped":0,"pct":100},"functions":{"total":1,"covered":1,"skipped":0,"pct":100},"statements":{"total":8,"covered":8,"skipped":0,"pct":100},"branches":{"total":8,"covered":8,"skipped":0,"pct":100}}
,"/Users/rcombs/dev/clay/cnn-content-hub/app/components/ad-slot/client.js": {"lines":{"total":110,"covered":76,"skipped":0,"pct":69.09},"functions":{"total":31,"covered":20,"skipped":0,"pct":64.52},"statements":{"total":117,"covered":80,"skipped":0,"pct":68.38},"branches":{"total":60,"covered":23,"skipped":0,"pct":38.33}}
,"/Users/rcombs/dev/clay/cnn-content-hub/app/components/ad-slot/template.hbs": {"lines":{"total":702,"covered":125,"skipped":0,"pct":17.81},"functions":{"total":235,"covered":5,"skipped":0,"pct":2.13},"statements":{"total":704,"covered":127,"skipped":0,"pct":18.04},"branches":{"total":1654,"covered":31,"skipped":0,"pct":1.87}}
,"/Users/rcombs/dev/clay/cnn-content-hub/app/components/ad-slot-dynamic/client.js": {"lines":{"total":20,"covered":20,"skipped":0,"pct":100},"functions":{"total":5,"covered":5,"skipped":0,"pct":100},"statements":{"total":20,"covered":20,"skipped":0,"pct":100},"branches":{"total":11,"covered":9,"skipped":0,"pct":81.82}}
,"/Users/rcombs/dev/clay/cnn-content-hub/app/components/ad-slot-dynamic/model.js": {"lines":{"total":11,"covered":11,"skipped":0,"pct":100},"functions":{"total":1,"covered":1,"skipped":0,"pct":100},"statements":{"total":11,"covered":11,"skipped":0,"pct":100},"branches":{"total":12,"covered":11,"skipped":0,"pct":91.67}}
,"/Users/rcombs/dev/clay/cnn-content-hub/app/components/ad-slot-dynamic/template.hbs": {"lines":{"total":703,"covered":126,"skipped":0,"pct":17.92},"functions":{"total":236,"covered":6,"skipped":0,"pct":2.54},"statements":{"total":706,"covered":129,"skipped":0,"pct":18.27},"branches":{"total":1664,"covered":32,"skipped":0,"pct":1.92}}
,"/Users/rcombs/dev/clay/cnn-content-hub/app/components/ad-slot-top/model.js": {"lines":{"total":4,"covered":4,"skipped":0,"pct":100},"functions":{"total":1,"covered":1,"skipped":0,"pct":100},"statements":{"total":4,"covered":4,"skipped":0,"pct":100},"branches":{"total":0,"covered":0,"skipped":0,"pct":100}}
,"/Users/rcombs/dev/clay/cnn-content-hub/app/components/ad-slot-top/template.hbs": {"lines":{"total":702,"covered":125,"skipped":0,"pct":17.81},"functions":{"total":235,"covered":5,"skipped":0,"pct":2.13},"statements":{"total":702,"covered":125,"skipped":0,"pct":17.81},"branches":{"total":1644,"covered":22,"skipped":0,"pct":1.34}}
,"/Users/rcombs/dev/clay/cnn-content-hub/app/components/alerts/model.js": {"lines":{"total":85,"covered":85,"skipped":0,"pct":100},"functions":{"total":8,"covered":8,"skipped":0,"pct":100},"statements":{"total":85,"covered":85,"skipped":0,"pct":100},"branches":{"total":59,"covered":59,"skipped":0,"pct":100}}
,"/Users/rcombs/dev/clay/cnn-content-hub/app/components/analytics-optimizely/model.js": {"lines":{"total":36,"covered":36,"skipped":0,"pct":100},"functions":{"total":5,"covered":5,"skipped":0,"pct":100},"statements":{"total":37,"covered":37,"skipped":0,"pct":100},"branches":{"total":16,"covered":14,"skipped":0,"pct":87.5}}
,"/Users/rcombs/dev/clay/cnn-content-hub/app/components/analytics-optimizely/template.hbs": {"lines":{"total":702,"covered":123,"skipped":0,"pct":17.52},"functions":{"total":235,"covered":4,"skipped":0,"pct":1.7},"statements":{"total":706,"covered":127,"skipped":0,"pct":17.99},"branches":{"total":1672,"covered":33,"skipped":0,"pct":1.97}}
,"/Users/rcombs/dev/clay/cnn-content-hub/app/components/article/anf.model.js": {"lines":{"total":16,"covered":16,"skipped":0,"pct":100},"functions":{"total":1,"covered":1,"skipped":0,"pct":100},"statements":{"total":16,"covered":16,"skipped":0,"pct":100},"branches":{"total":2,"covered":2,"skipped":0,"pct":100}}
,"/Users/rcombs/dev/clay/cnn-content-hub/app/components/article/kiln.js": {"lines":{"total":83,"covered":49,"skipped":0,"pct":59.04},"functions":{"total":22,"covered":10,"skipped":0,"pct":45.45},"statements":{"total":84,"covered":49,"skipped":0,"pct":58.33},"branches":{"total":35,"covered":18,"skipped":0,"pct":51.43}}
,"/Users/rcombs/dev/clay/cnn-content-hub/app/components/article/model.js": {"lines":{"total":19,"covered":19,"skipped":0,"pct":100},"functions":{"total":2,"covered":2,"skipped":0,"pct":100},"statements":{"total":19,"covered":19,"skipped":0,"pct":100},"branches":{"total":6,"covered":5,"skipped":0,"pct":83.33}}
,"/Users/rcombs/dev/clay/cnn-content-hub/app/components/article/template.hbs": {"lines":{"total":797,"covered":125,"skipped":0,"pct":15.68},"functions":{"total":273,"covered":5,"skipped":0,"pct":1.83},"statements":{"total":802,"covered":130,"skipped":0,"pct":16.21},"branches":{"total":1932,"covered":61,"skipped":0,"pct":3.16}}
,"/Users/rcombs/dev/clay/cnn-content-hub/app/components/article/apple-news/utils.js": {"lines":{"total":122,"covered":119,"skipped":0,"pct":97.54},"functions":{"total":16,"covered":16,"skipped":0,"pct":100},"statements":{"total":127,"covered":123,"skipped":0,"pct":96.85},"branches":{"total":78,"covered":67,"skipped":0,"pct":85.9}}
,"/Users/rcombs/dev/clay/cnn-content-hub/app/components/bizdev-bookingdotcom/model.js": {"lines":{"total":41,"covered":39,"skipped":0,"pct":95.12},"functions":{"total":5,"covered":5,"skipped":0,"pct":100},"statements":{"total":41,"covered":39,"skipped":0,"pct":95.12},"branches":{"total":26,"covered":20,"skipped":0,"pct":76.92}}
,"/Users/rcombs/dev/clay/cnn-content-hub/app/components/bizdev-bookingdotcom/template.hbs": {"lines":{"total":698,"covered":123,"skipped":0,"pct":17.62},"functions":{"total":234,"covered":4,"skipped":0,"pct":1.71},"statements":{"total":705,"covered":130,"skipped":0,"pct":18.44},"branches":{"total":1682,"covered":50,"skipped":0,"pct":2.97}}
,"/Users/rcombs/dev/clay/cnn-content-hub/app/components/bizdev-lending-tree/client.js": {"lines":{"total":27,"covered":25,"skipped":0,"pct":92.59},"functions":{"total":5,"covered":3,"skipped":0,"pct":60},"statements":{"total":27,"covered":25,"skipped":0,"pct":92.59},"branches":{"total":6,"covered":6,"skipped":0,"pct":100}}
,"/Users/rcombs/dev/clay/cnn-content-hub/app/components/bizdev-lending-tree/model.js": {"lines":{"total":6,"covered":6,"skipped":0,"pct":100},"functions":{"total":1,"covered":1,"skipped":0,"pct":100},"statements":{"total":6,"covered":6,"skipped":0,"pct":100},"branches":{"total":3,"covered":3,"skipped":0,"pct":100}}
,"/Users/rcombs/dev/clay/cnn-content-hub/app/components/bizdev-lending-tree/template.hbs": {"lines":{"total":692,"covered":121,"skipped":0,"pct":17.49},"functions":{"total":231,"covered":3,"skipped":0,"pct":1.3},"statements":{"total":696,"covered":125,"skipped":0,"pct":17.96},"branches":{"total":1638,"covered":27,"skipped":0,"pct":1.65}}
,"/Users/rcombs/dev/clay/cnn-content-hub/app/components/bizdev-medianet/client.js": {"lines":{"total":13,"covered":13,"skipped":0,"pct":100},"functions":{"total":4,"covered":4,"skipped":0,"pct":100},"statements":{"total":14,"covered":14,"skipped":0,"pct":100},"branches":{"total":8,"covered":8,"skipped":0,"pct":100}}
,"/Users/rcombs/dev/clay/cnn-content-hub/app/components/bizdev-medianet/model.js": {"lines":{"total":7,"covered":7,"skipped":0,"pct":100},"functions":{"total":1,"covered":1,"skipped":0,"pct":100},"statements":{"total":7,"covered":7,"skipped":0,"pct":100},"branches":{"total":5,"covered":5,"skipped":0,"pct":100}}
,"/Users/rcombs/dev/clay/cnn-content-hub/app/components/bizdev-medianet/template.hbs": {"lines":{"total":692,"covered":121,"skipped":0,"pct":17.49},"functions":{"total":231,"covered":3,"skipped":0,"pct":1.3},"statements":{"total":695,"covered":124,"skipped":0,"pct":17.84},"branches":{"total":1624,"covered":18,"skipped":0,"pct":1.11}}
,"/Users/rcombs/dev/clay/cnn-content-hub/app/components/bizdev-myfinance/client.js": {"lines":{"total":18,"covered":18,"skipped":0,"pct":100},"functions":{"total":3,"covered":3,"skipped":0,"pct":100},"statements":{"total":18,"covered":18,"skipped":0,"pct":100},"branches":{"total":0,"covered":0,"skipped":0,"pct":100}}
,"/Users/rcombs/dev/clay/cnn-content-hub/app/components/bizdev-myfinance/model.js": {"lines":{"total":6,"covered":6,"skipped":0,"pct":100},"functions":{"total":1,"covered":1,"skipped":0,"pct":100},"statements":{"total":6,"covered":6,"skipped":0,"pct":100},"branches":{"total":4,"covered":4,"skipped":0,"pct":100}}
,"/Users/rcombs/dev/clay/cnn-content-hub/app/components/bizdev-myfinance/template.hbs": {"lines":{"total":692,"covered":121,"skipped":0,"pct":17.49},"functions":{"total":231,"covered":3,"skipped":0,"pct":1.3},"statements":{"total":696,"covered":125,"skipped":0,"pct":17.96},"branches":{"total":1646,"covered":30,"skipped":0,"pct":1.82}}
,"/Users/rcombs/dev/clay/cnn-content-hub/app/components/bizdev-outbrain/client.js": {"lines":{"total":18,"covered":17,"skipped":0,"pct":94.44},"functions":{"total":4,"covered":3,"skipped":0,"pct":75},"statements":{"total":18,"covered":17,"skipped":0,"pct":94.44},"branches":{"total":10,"covered":10,"skipped":0,"pct":100}}
,"/Users/rcombs/dev/clay/cnn-content-hub/app/components/bizdev-outbrain/model.js": {"lines":{"total":11,"covered":11,"skipped":0,"pct":100},"functions":{"total":1,"covered":1,"skipped":0,"pct":100},"statements":{"total":11,"covered":11,"skipped":0,"pct":100},"branches":{"total":8,"covered":7,"skipped":0,"pct":87.5}}
,"/Users/rcombs/dev/clay/cnn-content-hub/app/components/bizdev-outbrain/template.hbs": {"lines":{"total":692,"covered":119,"skipped":0,"pct":17.2},"functions":{"total":231,"covered":2,"skipped":0,"pct":0.87},"statements":{"total":698,"covered":121,"skipped":0,"pct":17.34},"branches":{"total":1668,"covered":15,"skipped":0,"pct":0.9}}
,"/Users/rcombs/dev/clay/cnn-content-hub/app/components/bizdev-share-through/client.js": {"lines":{"total":9,"covered":9,"skipped":0,"pct":100},"functions":{"total":1,"covered":1,"skipped":0,"pct":100},"statements":{"total":9,"covered":9,"skipped":0,"pct":100},"branches":{"total":2,"covered":2,"skipped":0,"pct":100}}
,"/Users/rcombs/dev/clay/cnn-content-hub/app/components/bizdev-share-through/model.js": {"lines":{"total":6,"covered":6,"skipped":0,"pct":100},"functions":{"total":1,"covered":1,"skipped":0,"pct":100},"statements":{"total":6,"covered":6,"skipped":0,"pct":100},"branches":{"total":3,"covered":3,"skipped":0,"pct":100}}
,"/Users/rcombs/dev/clay/cnn-content-hub/app/components/bizdev-share-through/template.hbs": {"lines":{"total":692,"covered":121,"skipped":0,"pct":17.49},"functions":{"total":231,"covered":3,"skipped":0,"pct":1.3},"statements":{"total":696,"covered":125,"skipped":0,"pct":17.96},"branches":{"total":1640,"covered":26,"skipped":0,"pct":1.59}}
,"/Users/rcombs/dev/clay/cnn-content-hub/app/components/bizdev-yieldmo/client.js": {"lines":{"total":22,"covered":22,"skipped":0,"pct":100},"functions":{"total":4,"covered":4,"skipped":0,"pct":100},"statements":{"total":22,"covered":22,"skipped":0,"pct":100},"branches":{"total":8,"covered":8,"skipped":0,"pct":100}}
,"/Users/rcombs/dev/clay/cnn-content-hub/app/components/bizdev-yieldmo/model.js": {"lines":{"total":6,"covered":6,"skipped":0,"pct":100},"functions":{"total":1,"covered":1,"skipped":0,"pct":100},"statements":{"total":6,"covered":6,"skipped":0,"pct":100},"branches":{"total":4,"covered":4,"skipped":0,"pct":100}}
,"/Users/rcombs/dev/clay/cnn-content-hub/app/components/bizdev-yieldmo/template.hbs": {"lines":{"total":692,"covered":121,"skipped":0,"pct":17.49},"functions":{"total":231,"covered":3,"skipped":0,"pct":1.3},"statements":{"total":696,"covered":125,"skipped":0,"pct":17.96},"branches":{"total":1632,"covered":23,"skipped":0,"pct":1.41}}
,"/Users/rcombs/dev/clay/cnn-content-hub/app/components/blockquote/model.js": {"lines":{"total":4,"covered":4,"skipped":0,"pct":100},"functions":{"total":1,"covered":1,"skipped":0,"pct":100},"statements":{"total":4,"covered":4,"skipped":0,"pct":100},"branches":{"total":2,"covered":2,"skipped":0,"pct":100}}
,"/Users/rcombs/dev/clay/cnn-content-hub/app/components/bulleted-list/model.js": {"lines":{"total":6,"covered":6,"skipped":0,"pct":100},"functions":{"total":2,"covered":2,"skipped":0,"pct":100},"statements":{"total":6,"covered":6,"skipped":0,"pct":100},"branches":{"total":6,"covered":5,"skipped":0,"pct":83.33}}
,"/Users/rcombs/dev/clay/cnn-content-hub/app/components/byline/kiln.js": {"lines":{"total":9,"covered":9,"skipped":0,"pct":100},"functions":{"total":3,"covered":3,"skipped":0,"pct":100},"statements":{"total":9,"covered":9,"skipped":0,"pct":100},"branches":{"total":2,"covered":2,"skipped":0,"pct":100}}
,"/Users/rcombs/dev/clay/cnn-content-hub/app/components/byline/model.js": {"lines":{"total":17,"covered":17,"skipped":0,"pct":100},"functions":{"total":6,"covered":6,"skipped":0,"pct":100},"statements":{"total":18,"covered":18,"skipped":0,"pct":100},"branches":{"total":8,"covered":8,"skipped":0,"pct":100}}
,"/Users/rcombs/dev/clay/cnn-content-hub/app/components/byline/template.hbs": {"lines":{"total":741,"covered":144,"skipped":0,"pct":19.43},"functions":{"total":247,"covered":12,"skipped":0,"pct":4.86},"statements":{"total":750,"covered":153,"skipped":0,"pct":20.4},"branches":{"total":1793,"covered":91,"skipped":0,"pct":5.08}}
,"/Users/rcombs/dev/clay/cnn-content-hub/app/components/card/kiln.js": {"lines":{"total":19,"covered":19,"skipped":0,"pct":100},"functions":{"total":5,"covered":5,"skipped":0,"pct":100},"statements":{"total":20,"covered":20,"skipped":0,"pct":100},"branches":{"total":4,"covered":3,"skipped":0,"pct":75}}
,"/Users/rcombs/dev/clay/cnn-content-hub/app/components/card/model.js": {"lines":{"total":28,"covered":22,"skipped":0,"pct":78.57},"functions":{"total":4,"covered":3,"skipped":0,"pct":75},"statements":{"total":28,"covered":22,"skipped":0,"pct":78.57},"branches":{"total":20,"covered":13,"skipped":0,"pct":65}}
,"/Users/rcombs/dev/clay/cnn-content-hub/app/components/card/template.hbs": {"lines":{"total":790,"covered":123,"skipped":0,"pct":15.57},"functions":{"total":269,"covered":4,"skipped":0,"pct":1.49},"statements":{"total":810,"covered":128,"skipped":0,"pct":15.8},"branches":{"total":2046,"covered":68,"skipped":0,"pct":3.32}}
,"/Users/rcombs/dev/clay/cnn-content-hub/app/components/container/client.js": {"lines":{"total":6,"covered":6,"skipped":0,"pct":100},"functions":{"total":1,"covered":1,"skipped":0,"pct":100},"statements":{"total":6,"covered":6,"skipped":0,"pct":100},"branches":{"total":2,"covered":2,"skipped":0,"pct":100}}
,"/Users/rcombs/dev/clay/cnn-content-hub/app/components/container/kiln.js": {"lines":{"total":30,"covered":30,"skipped":0,"pct":100},"functions":{"total":9,"covered":9,"skipped":0,"pct":100},"statements":{"total":33,"covered":33,"skipped":0,"pct":100},"branches":{"total":6,"covered":6,"skipped":0,"pct":100}}
,"/Users/rcombs/dev/clay/cnn-content-hub/app/components/container/model.js": {"lines":{"total":166,"covered":145,"skipped":0,"pct":87.35},"functions":{"total":49,"covered":43,"skipped":0,"pct":87.76},"statements":{"total":177,"covered":155,"skipped":0,"pct":87.57},"branches":{"total":102,"covered":85,"skipped":0,"pct":83.33}}
,"/Users/rcombs/dev/clay/cnn-content-hub/app/components/container/template.hbs": {"lines":{"total":743,"covered":134,"skipped":0,"pct":18.03},"functions":{"total":251,"covered":10,"skipped":0,"pct":3.98},"statements":{"total":752,"covered":143,"skipped":0,"pct":19.02},"branches":{"total":1822,"covered":98,"skipped":0,"pct":5.38}}
,"/Users/rcombs/dev/clay/cnn-content-hub/app/components/disclaimer/anf.model.js": {"lines":{"total":17,"covered":17,"skipped":0,"pct":100},"functions":{"total":3,"covered":3,"skipped":0,"pct":100},"statements":{"total":17,"covered":17,"skipped":0,"pct":100},"branches":{"total":3,"covered":3,"skipped":0,"pct":100}}
,"/Users/rcombs/dev/clay/cnn-content-hub/app/components/divider/anf.model.js": {"lines":{"total":7,"covered":7,"skipped":0,"pct":100},"functions":{"total":2,"covered":2,"skipped":0,"pct":100},"statements":{"total":7,"covered":7,"skipped":0,"pct":100},"branches":{"total":2,"covered":2,"skipped":0,"pct":100}}
,"/Users/rcombs/dev/clay/cnn-content-hub/app/components/dynamic-logic/model.js": {"lines":{"total":22,"covered":22,"skipped":0,"pct":100},"functions":{"total":11,"covered":11,"skipped":0,"pct":100},"statements":{"total":24,"covered":24,"skipped":0,"pct":100},"branches":{"total":10,"covered":10,"skipped":0,"pct":100}}
,"/Users/rcombs/dev/clay/cnn-content-hub/app/components/dynamic-logic/logic/cookie.js": {"lines":{"total":5,"covered":5,"skipped":0,"pct":100},"functions":{"total":2,"covered":2,"skipped":0,"pct":100},"statements":{"total":5,"covered":5,"skipped":0,"pct":100},"branches":{"total":3,"covered":3,"skipped":0,"pct":100}}
,"/Users/rcombs/dev/clay/cnn-content-hub/app/components/dynamic-logic/logic/httpHeader.js": {"lines":{"total":6,"covered":6,"skipped":0,"pct":100},"functions":{"total":3,"covered":3,"skipped":0,"pct":100},"statements":{"total":6,"covered":6,"skipped":0,"pct":100},"branches":{"total":3,"covered":3,"skipped":0,"pct":100}}
,"/Users/rcombs/dev/clay/cnn-content-hub/app/components/dynamic-logic/logic/index.js": {"lines":{"total":1,"covered":1,"skipped":0,"pct":100},"functions":{"total":0,"covered":0,"skipped":0,"pct":100},"statements":{"total":1,"covered":1,"skipped":0,"pct":100},"branches":{"total":0,"covered":0,"skipped":0,"pct":100}}
,"/Users/rcombs/dev/clay/cnn-content-hub/app/components/dynamic-logic/logic/metaTag.js": {"lines":{"total":5,"covered":5,"skipped":0,"pct":100},"functions":{"total":2,"covered":2,"skipped":0,"pct":100},"statements":{"total":5,"covered":5,"skipped":0,"pct":100},"branches":{"total":3,"covered":3,"skipped":0,"pct":100}}
,"/Users/rcombs/dev/clay/cnn-content-hub/app/components/dynamic-logic/logic/queryParam.js": {"lines":{"total":4,"covered":4,"skipped":0,"pct":100},"functions":{"total":2,"covered":2,"skipped":0,"pct":100},"statements":{"total":5,"covered":5,"skipped":0,"pct":100},"branches":{"total":3,"covered":3,"skipped":0,"pct":100}}
,"/Users/rcombs/dev/clay/cnn-content-hub/app/components/dynamic-logic/logic/schedule.js": {"lines":{"total":24,"covered":24,"skipped":0,"pct":100},"functions":{"total":3,"covered":3,"skipped":0,"pct":100},"statements":{"total":26,"covered":26,"skipped":0,"pct":100},"branches":{"total":20,"covered":20,"skipped":0,"pct":100}}
,"/Users/rcombs/dev/clay/cnn-content-hub/app/components/dynamic-logic/logic/tag.js": {"lines":{"total":13,"covered":12,"skipped":0,"pct":92.31},"functions":{"total":4,"covered":4,"skipped":0,"pct":100},"statements":{"total":14,"covered":13,"skipped":0,"pct":92.86},"branches":{"total":9,"covered":8,"skipped":0,"pct":88.89}}
,"/Users/rcombs/dev/clay/cnn-content-hub/app/components/dynamic-logic/logic/util.js": {"lines":{"total":15,"covered":15,"skipped":0,"pct":100},"functions":{"total":2,"covered":2,"skipped":0,"pct":100},"statements":{"total":15,"covered":15,"skipped":0,"pct":100},"branches":{"total":11,"covered":10,"skipped":0,"pct":90.91}}
,"/Users/rcombs/dev/clay/cnn-content-hub/app/components/explorer-hub-breadcrumb/client.js": {"lines":{"total":30,"covered":25,"skipped":0,"pct":83.33},"functions":{"total":8,"covered":7,"skipped":0,"pct":87.5},"statements":{"total":30,"covered":25,"skipped":0,"pct":83.33},"branches":{"total":16,"covered":10,"skipped":0,"pct":62.5}}
,"/Users/rcombs/dev/clay/cnn-content-hub/app/components/explorer-hub-breadcrumb/template.hbs": {"lines":{"total":687,"covered":119,"skipped":0,"pct":17.32},"functions":{"total":229,"covered":2,"skipped":0,"pct":0.87},"statements":{"total":691,"covered":123,"skipped":0,"pct":17.8},"branches":{"total":1626,"covered":22,"skipped":0,"pct":1.35}}
,"/Users/rcombs/dev/clay/cnn-content-hub/app/components/explorer-hub-tout/template.hbs": {"lines":{"total":687,"covered":119,"skipped":0,"pct":17.32},"functions":{"total":229,"covered":2,"skipped":0,"pct":0.87},"statements":{"total":691,"covered":123,"skipped":0,"pct":17.8},"branches":{"total":1622,"covered":20,"skipped":0,"pct":1.23}}
,"/Users/rcombs/dev/clay/cnn-content-hub/app/components/explorer-hub-visualization/template.hbs": {"lines":{"total":702,"covered":121,"skipped":0,"pct":17.24},"functions":{"total":235,"covered":3,"skipped":0,"pct":1.28},"statements":{"total":710,"covered":125,"skipped":0,"pct":17.61},"branches":{"total":1754,"covered":53,"skipped":0,"pct":3.02}}
,"/Users/rcombs/dev/clay/cnn-content-hub/app/components/external-scripts/model.js": {"lines":{"total":59,"covered":57,"skipped":0,"pct":96.61},"functions":{"total":18,"covered":17,"skipped":0,"pct":94.44},"statements":{"total":63,"covered":60,"skipped":0,"pct":95.24},"branches":{"total":59,"covered":41,"skipped":0,"pct":69.49}}
,"/Users/rcombs/dev/clay/cnn-content-hub/app/components/external-scripts/template.hbs": {"lines":{"total":704,"covered":126,"skipped":0,"pct":17.9},"functions":{"total":237,"covered":6,"skipped":0,"pct":2.53},"statements":{"total":706,"covered":128,"skipped":0,"pct":18.13},"branches":{"total":1674,"covered":40,"skipped":0,"pct":2.39}}
,"/Users/rcombs/dev/clay/cnn-content-hub/app/components/facebook/anf.model.js": {"lines":{"total":11,"covered":11,"skipped":0,"pct":100},"functions":{"total":3,"covered":3,"skipped":0,"pct":100},"statements":{"total":11,"covered":11,"skipped":0,"pct":100},"branches":{"total":7,"covered":7,"skipped":0,"pct":100}}
,"/Users/rcombs/dev/clay/cnn-content-hub/app/components/facebook/template.hbs": {"lines":{"total":704,"covered":127,"skipped":0,"pct":18.04},"functions":{"total":236,"covered":5,"skipped":0,"pct":2.12},"statements":{"total":706,"covered":129,"skipped":0,"pct":18.27},"branches":{"total":1679,"covered":43,"skipped":0,"pct":2.56}}
,"/Users/rcombs/dev/clay/cnn-content-hub/app/components/factbox/model.js": {"lines":{"total":14,"covered":14,"skipped":0,"pct":100},"functions":{"total":3,"covered":3,"skipped":0,"pct":100},"statements":{"total":14,"covered":14,"skipped":0,"pct":100},"branches":{"total":6,"covered":3,"skipped":0,"pct":50}}
,"/Users/rcombs/dev/clay/cnn-content-hub/app/components/footer/anf.model.js": {"lines":{"total":8,"covered":8,"skipped":0,"pct":100},"functions":{"total":2,"covered":2,"skipped":0,"pct":100},"statements":{"total":8,"covered":8,"skipped":0,"pct":100},"branches":{"total":2,"covered":2,"skipped":0,"pct":100}}
,"/Users/rcombs/dev/clay/cnn-content-hub/app/components/footer/client.js": {"lines":{"total":8,"covered":8,"skipped":0,"pct":100},"functions":{"total":2,"covered":2,"skipped":0,"pct":100},"statements":{"total":8,"covered":8,"skipped":0,"pct":100},"branches":{"total":8,"covered":8,"skipped":0,"pct":100}}
,"/Users/rcombs/dev/clay/cnn-content-hub/app/components/footer/model.js": {"lines":{"total":7,"covered":7,"skipped":0,"pct":100},"functions":{"total":1,"covered":1,"skipped":0,"pct":100},"statements":{"total":7,"covered":7,"skipped":0,"pct":100},"branches":{"total":8,"covered":6,"skipped":0,"pct":75}}
,"/Users/rcombs/dev/clay/cnn-content-hub/app/components/footer/template.hbs": {"lines":{"total":768,"covered":122,"skipped":0,"pct":15.89},"functions":{"total":262,"covered":4,"skipped":0,"pct":1.53},"statements":{"total":780,"covered":130,"skipped":0,"pct":16.67},"branches":{"total":1896,"covered":62,"skipped":0,"pct":3.27}}
,"/Users/rcombs/dev/clay/cnn-content-hub/app/components/formfield-checkbox/client.js": {"lines":{"total":30,"covered":30,"skipped":0,"pct":100},"functions":{"total":6,"covered":6,"skipped":0,"pct":100},"statements":{"total":31,"covered":31,"skipped":0,"pct":100},"branches":{"total":10,"covered":10,"skipped":0,"pct":100}}
,"/Users/rcombs/dev/clay/cnn-content-hub/app/components/formfield-checkbox/template.hbs": {"lines":{"total":710,"covered":130,"skipped":0,"pct":18.31},"functions":{"total":240,"covered":9,"skipped":0,"pct":3.75},"statements":{"total":714,"covered":134,"skipped":0,"pct":18.77},"branches":{"total":1796,"covered":103,"skipped":0,"pct":5.73}}
,"/Users/rcombs/dev/clay/cnn-content-hub/app/components/formfield-text/client.js": {"lines":{"total":87,"covered":83,"skipped":0,"pct":95.4},"functions":{"total":21,"covered":19,"skipped":0,"pct":90.48},"statements":{"total":91,"covered":87,"skipped":0,"pct":95.6},"branches":{"total":46,"covered":39,"skipped":0,"pct":84.78}}
,"/Users/rcombs/dev/clay/cnn-content-hub/app/components/formfield-text/model.js": {"lines":{"total":7,"covered":2,"skipped":0,"pct":28.57},"functions":{"total":2,"covered":0,"skipped":0,"pct":0},"statements":{"total":7,"covered":2,"skipped":0,"pct":28.57},"branches":{"total":6,"covered":0,"skipped":0,"pct":0}}
,"/Users/rcombs/dev/clay/cnn-content-hub/app/components/formfield-text/template.hbs": {"lines":{"total":748,"covered":132,"skipped":0,"pct":17.65},"functions":{"total":254,"covered":9,"skipped":0,"pct":3.54},"statements":{"total":766,"covered":146,"skipped":0,"pct":19.06},"branches":{"total":2054,"covered":179,"skipped":0,"pct":8.71}}
,"/Users/rcombs/dev/clay/cnn-content-hub/app/components/gallery/anf.model.js": {"lines":{"total":17,"covered":16,"skipped":0,"pct":94.12},"functions":{"total":5,"covered":5,"skipped":0,"pct":100},"statements":{"total":19,"covered":18,"skipped":0,"pct":94.74},"branches":{"total":2,"covered":1,"skipped":0,"pct":50}}
,"/Users/rcombs/dev/clay/cnn-content-hub/app/components/gallery/model.js": {"lines":{"total":19,"covered":19,"skipped":0,"pct":100},"functions":{"total":2,"covered":2,"skipped":0,"pct":100},"statements":{"total":19,"covered":19,"skipped":0,"pct":100},"branches":{"total":8,"covered":7,"skipped":0,"pct":87.5}}
,"/Users/rcombs/dev/clay/cnn-content-hub/app/components/header/client.js": {"lines":{"total":16,"covered":16,"skipped":0,"pct":100},"functions":{"total":8,"covered":8,"skipped":0,"pct":100},"statements":{"total":16,"covered":16,"skipped":0,"pct":100},"branches":{"total":2,"covered":2,"skipped":0,"pct":100}}
,"/Users/rcombs/dev/clay/cnn-content-hub/app/components/header/model.js": {"lines":{"total":4,"covered":4,"skipped":0,"pct":100},"functions":{"total":1,"covered":1,"skipped":0,"pct":100},"statements":{"total":4,"covered":4,"skipped":0,"pct":100},"branches":{"total":2,"covered":1,"skipped":0,"pct":50}}
,"/Users/rcombs/dev/clay/cnn-content-hub/app/components/header/template.hbs": {"lines":{"total":828,"covered":119,"skipped":0,"pct":14.37},"functions":{"total":286,"covered":2,"skipped":0,"pct":0.7},"statements":{"total":849,"covered":122,"skipped":0,"pct":14.37},"branches":{"total":2062,"covered":49,"skipped":0,"pct":2.38}}
,"/Users/rcombs/dev/clay/cnn-content-hub/app/components/headline/kiln.js": {"lines":{"total":17,"covered":14,"skipped":0,"pct":82.35},"functions":{"total":4,"covered":2,"skipped":0,"pct":50},"statements":{"total":18,"covered":14,"skipped":0,"pct":77.78},"branches":{"total":2,"covered":0,"skipped":0,"pct":0}}
,"/Users/rcombs/dev/clay/cnn-content-hub/app/components/headline/model.js": {"lines":{"total":11,"covered":11,"skipped":0,"pct":100},"functions":{"total":3,"covered":3,"skipped":0,"pct":100},"statements":{"total":11,"covered":11,"skipped":0,"pct":100},"branches":{"total":2,"covered":2,"skipped":0,"pct":100}}
,"/Users/rcombs/dev/clay/cnn-content-hub/app/components/headline/template.hbs": {"lines":{"total":723,"covered":121,"skipped":0,"pct":16.74},"functions":{"total":244,"covered":3,"skipped":0,"pct":1.23},"statements":{"total":728,"covered":125,"skipped":0,"pct":17.17},"branches":{"total":1746,"covered":39,"skipped":0,"pct":2.23}}
,"/Users/rcombs/dev/clay/cnn-content-hub/app/components/html-embed/anf.model.js": {"lines":{"total":3,"covered":3,"skipped":0,"pct":100},"functions":{"total":1,"covered":1,"skipped":0,"pct":100},"statements":{"total":4,"covered":4,"skipped":0,"pct":100},"branches":{"total":2,"covered":2,"skipped":0,"pct":100}}
,"/Users/rcombs/dev/clay/cnn-content-hub/app/components/html-embed/model.js": {"lines":{"total":14,"covered":13,"skipped":0,"pct":92.86},"functions":{"total":2,"covered":2,"skipped":0,"pct":100},"statements":{"total":14,"covered":13,"skipped":0,"pct":92.86},"branches":{"total":4,"covered":3,"skipped":0,"pct":75}}
,"/Users/rcombs/dev/clay/cnn-content-hub/app/components/html-embed/template.hbs": {"lines":{"total":692,"covered":121,"skipped":0,"pct":17.49},"functions":{"total":231,"covered":3,"skipped":0,"pct":1.3},"statements":{"total":695,"covered":124,"skipped":0,"pct":17.84},"branches":{"total":1638,"covered":25,"skipped":0,"pct":1.53}}
,"/Users/rcombs/dev/clay/cnn-content-hub/app/components/image/anf.model.js": {"lines":{"total":15,"covered":15,"skipped":0,"pct":100},"functions":{"total":1,"covered":1,"skipped":0,"pct":100},"statements":{"total":16,"covered":16,"skipped":0,"pct":100},"branches":{"total":10,"covered":10,"skipped":0,"pct":100}}
,"/Users/rcombs/dev/clay/cnn-content-hub/app/components/image-slider/model.js": {"lines":{"total":29,"covered":23,"skipped":0,"pct":79.31},"functions":{"total":4,"covered":3,"skipped":0,"pct":75},"statements":{"total":32,"covered":26,"skipped":0,"pct":81.25},"branches":{"total":32,"covered":18,"skipped":0,"pct":56.25}}
,"/Users/rcombs/dev/clay/cnn-content-hub/app/components/image-slider/template.hbs": {"lines":{"total":717,"covered":121,"skipped":0,"pct":16.88},"functions":{"total":241,"covered":3,"skipped":0,"pct":1.24},"statements":{"total":725,"covered":129,"skipped":0,"pct":17.79},"branches":{"total":1816,"covered":106,"skipped":0,"pct":5.84}}
,"/Users/rcombs/dev/clay/cnn-content-hub/app/components/instagram/anf.model.js": {"lines":{"total":8,"covered":8,"skipped":0,"pct":100},"functions":{"total":2,"covered":2,"skipped":0,"pct":100},"statements":{"total":8,"covered":8,"skipped":0,"pct":100},"branches":{"total":6,"covered":6,"skipped":0,"pct":100}}
,"/Users/rcombs/dev/clay/cnn-content-hub/app/components/instagram/template.hbs": {"lines":{"total":704,"covered":127,"skipped":0,"pct":18.04},"functions":{"total":236,"covered":5,"skipped":0,"pct":2.12},"statements":{"total":706,"covered":129,"skipped":0,"pct":18.27},"branches":{"total":1679,"covered":43,"skipped":0,"pct":2.56}}
,"/Users/rcombs/dev/clay/cnn-content-hub/app/components/list/anf.model.js": {"lines":{"total":9,"covered":9,"skipped":0,"pct":100},"functions":{"total":3,"covered":3,"skipped":0,"pct":100},"statements":{"total":9,"covered":9,"skipped":0,"pct":100},"branches":{"total":6,"covered":6,"skipped":0,"pct":100}}
,"/Users/rcombs/dev/clay/cnn-content-hub/app/components/list/client.js": {"lines":{"total":6,"covered":6,"skipped":0,"pct":100},"functions":{"total":2,"covered":2,"skipped":0,"pct":100},"statements":{"total":7,"covered":7,"skipped":0,"pct":100},"branches":{"total":4,"covered":3,"skipped":0,"pct":75}}
,"/Users/rcombs/dev/clay/cnn-content-hub/app/components/live-story/client.js": {"lines":{"total":105,"covered":48,"skipped":0,"pct":45.71},"functions":{"total":26,"covered":10,"skipped":0,"pct":38.46},"statements":{"total":107,"covered":49,"skipped":0,"pct":45.79},"branches":{"total":29,"covered":2,"skipped":0,"pct":6.9}}
,"/Users/rcombs/dev/clay/cnn-content-hub/app/components/live-story/model.js": {"lines":{"total":30,"covered":26,"skipped":0,"pct":86.67},"functions":{"total":3,"covered":2,"skipped":0,"pct":66.67},"statements":{"total":31,"covered":27,"skipped":0,"pct":87.1},"branches":{"total":20,"covered":15,"skipped":0,"pct":75}}
,"/Users/rcombs/dev/clay/cnn-content-hub/app/components/live-story-post/model.js": {"lines":{"total":30,"covered":17,"skipped":0,"pct":56.67},"functions":{"total":7,"covered":3,"skipped":0,"pct":42.86},"statements":{"total":31,"covered":18,"skipped":0,"pct":58.06},"branches":{"total":16,"covered":12,"skipped":0,"pct":75}}
,"/Users/rcombs/dev/clay/cnn-content-hub/app/components/live-story-timeline/template.hbs": {"lines":{"total":703,"covered":126,"skipped":0,"pct":17.92},"functions":{"total":236,"covered":6,"skipped":0,"pct":2.54},"statements":{"total":712,"covered":135,"skipped":0,"pct":18.96},"branches":{"total":1732,"covered":76,"skipped":0,"pct":4.39}}
,"/Users/rcombs/dev/clay/cnn-content-hub/app/components/meta-authors/kiln.js": {"lines":{"total":11,"covered":11,"skipped":0,"pct":100},"functions":{"total":2,"covered":2,"skipped":0,"pct":100},"statements":{"total":11,"covered":11,"skipped":0,"pct":100},"branches":{"total":4,"covered":4,"skipped":0,"pct":100}}
,"/Users/rcombs/dev/clay/cnn-content-hub/app/components/meta-authors/model.js": {"lines":{"total":3,"covered":3,"skipped":0,"pct":100},"functions":{"total":1,"covered":1,"skipped":0,"pct":100},"statements":{"total":3,"covered":3,"skipped":0,"pct":100},"branches":{"total":2,"covered":2,"skipped":0,"pct":100}}
,"/Users/rcombs/dev/clay/cnn-content-hub/app/components/meta-authors/template.hbs": {"lines":{"total":687,"covered":119,"skipped":0,"pct":17.32},"functions":{"total":229,"covered":2,"skipped":0,"pct":0.87},"statements":{"total":689,"covered":121,"skipped":0,"pct":17.56},"branches":{"total":1612,"covered":12,"skipped":0,"pct":0.74}}
,"/Users/rcombs/dev/clay/cnn-content-hub/app/components/meta-description/kiln.js": {"lines":{"total":4,"covered":4,"skipped":0,"pct":100},"functions":{"total":1,"covered":1,"skipped":0,"pct":100},"statements":{"total":4,"covered":4,"skipped":0,"pct":100},"branches":{"total":0,"covered":0,"skipped":0,"pct":100}}
,"/Users/rcombs/dev/clay/cnn-content-hub/app/components/meta-description/template.hbs": {"lines":{"total":687,"covered":119,"skipped":0,"pct":17.32},"functions":{"total":229,"covered":2,"skipped":0,"pct":0.87},"statements":{"total":691,"covered":123,"skipped":0,"pct":17.8},"branches":{"total":1630,"covered":25,"skipped":0,"pct":1.53}}
,"/Users/rcombs/dev/clay/cnn-content-hub/app/components/meta-icons/model.js": {"lines":{"total":7,"covered":7,"skipped":0,"pct":100},"functions":{"total":1,"covered":1,"skipped":0,"pct":100},"statements":{"total":7,"covered":7,"skipped":0,"pct":100},"branches":{"total":4,"covered":3,"skipped":0,"pct":75}}
,"/Users/rcombs/dev/clay/cnn-content-hub/app/components/meta-image/kiln.js": {"lines":{"total":4,"covered":4,"skipped":0,"pct":100},"functions":{"total":1,"covered":1,"skipped":0,"pct":100},"statements":{"total":4,"covered":4,"skipped":0,"pct":100},"branches":{"total":0,"covered":0,"skipped":0,"pct":100}}
,"/Users/rcombs/dev/clay/cnn-content-hub/app/components/meta-image/model.js": {"lines":{"total":18,"covered":17,"skipped":0,"pct":94.44},"functions":{"total":4,"covered":4,"skipped":0,"pct":100},"statements":{"total":18,"covered":17,"skipped":0,"pct":94.44},"branches":{"total":8,"covered":7,"skipped":0,"pct":87.5}}
,"/Users/rcombs/dev/clay/cnn-content-hub/app/components/meta-image/template.hbs": {"lines":{"total":692,"covered":121,"skipped":0,"pct":17.49},"functions":{"total":231,"covered":3,"skipped":0,"pct":1.3},"statements":{"total":697,"covered":126,"skipped":0,"pct":18.08},"branches":{"total":1632,"covered":23,"skipped":0,"pct":1.41}}
,"/Users/rcombs/dev/clay/cnn-content-hub/app/components/meta-page/model.js": {"lines":{"total":50,"covered":44,"skipped":0,"pct":88},"functions":{"total":6,"covered":6,"skipped":0,"pct":100},"statements":{"total":51,"covered":45,"skipped":0,"pct":88.24},"branches":{"total":40,"covered":27,"skipped":0,"pct":67.5}}
,"/Users/rcombs/dev/clay/cnn-content-hub/app/components/meta-page/template.hbs": {"lines":{"total":728,"covered":129,"skipped":0,"pct":17.72},"functions":{"total":249,"covered":10,"skipped":0,"pct":4.02},"statements":{"total":734,"covered":134,"skipped":0,"pct":18.26},"branches":{"total":2003,"covered":179,"skipped":0,"pct":8.94}}
,"/Users/rcombs/dev/clay/cnn-content-hub/app/components/meta-robots/model.js": {"lines":{"total":11,"covered":11,"skipped":0,"pct":100},"functions":{"total":1,"covered":1,"skipped":0,"pct":100},"statements":{"total":11,"covered":11,"skipped":0,"pct":100},"branches":{"total":10,"covered":10,"skipped":0,"pct":100}}
,"/Users/rcombs/dev/clay/cnn-content-hub/app/components/meta-robots/template.hbs": {"lines":{"total":692,"covered":121,"skipped":0,"pct":17.49},"functions":{"total":231,"covered":3,"skipped":0,"pct":1.3},"statements":{"total":694,"covered":123,"skipped":0,"pct":17.72},"branches":{"total":1642,"covered":23,"skipped":0,"pct":1.4}}
,"/Users/rcombs/dev/clay/cnn-content-hub/app/components/meta-section/kiln.js": {"lines":{"total":33,"covered":31,"skipped":0,"pct":93.94},"functions":{"total":8,"covered":7,"skipped":0,"pct":87.5},"statements":{"total":34,"covered":32,"skipped":0,"pct":94.12},"branches":{"total":8,"covered":6,"skipped":0,"pct":75}}
,"/Users/rcombs/dev/clay/cnn-content-hub/app/components/meta-section/model.js": {"lines":{"total":6,"covered":6,"skipped":0,"pct":100},"functions":{"total":1,"covered":1,"skipped":0,"pct":100},"statements":{"total":6,"covered":6,"skipped":0,"pct":100},"branches":{"total":2,"covered":2,"skipped":0,"pct":100}}
,"/Users/rcombs/dev/clay/cnn-content-hub/app/components/meta-section/template.hbs": {"lines":{"total":687,"covered":119,"skipped":0,"pct":17.32},"functions":{"total":229,"covered":2,"skipped":0,"pct":0.87},"statements":{"total":689,"covered":121,"skipped":0,"pct":17.56},"branches":{"total":1614,"covered":15,"skipped":0,"pct":0.93}}
,"/Users/rcombs/dev/clay/cnn-content-hub/app/components/meta-theme/kiln.js": {"lines":{"total":29,"covered":27,"skipped":0,"pct":93.1},"functions":{"total":11,"covered":9,"skipped":0,"pct":81.82},"statements":{"total":31,"covered":29,"skipped":0,"pct":93.55},"branches":{"total":6,"covered":5,"skipped":0,"pct":83.33}}
,"/Users/rcombs/dev/clay/cnn-content-hub/app/components/meta-theme/template.hbs": {"lines":{"total":687,"covered":119,"skipped":0,"pct":17.32},"functions":{"total":229,"covered":2,"skipped":0,"pct":0.87},"statements":{"total":691,"covered":123,"skipped":0,"pct":17.8},"branches":{"total":1622,"covered":20,"skipped":0,"pct":1.23}}
,"/Users/rcombs/dev/clay/cnn-content-hub/app/components/meta-title/kiln.js": {"lines":{"total":16,"covered":16,"skipped":0,"pct":100},"functions":{"total":4,"covered":4,"skipped":0,"pct":100},"statements":{"total":16,"covered":16,"skipped":0,"pct":100},"branches":{"total":4,"covered":4,"skipped":0,"pct":100}}
,"/Users/rcombs/dev/clay/cnn-content-hub/app/components/meta-title/model.js": {"lines":{"total":22,"covered":19,"skipped":0,"pct":86.36},"functions":{"total":3,"covered":2,"skipped":0,"pct":66.67},"statements":{"total":22,"covered":19,"skipped":0,"pct":86.36},"branches":{"total":14,"covered":8,"skipped":0,"pct":57.14}}
,"/Users/rcombs/dev/clay/cnn-content-hub/app/components/meta-title/template.hbs": {"lines":{"total":697,"covered":121,"skipped":0,"pct":17.36},"functions":{"total":233,"covered":3,"skipped":0,"pct":1.29},"statements":{"total":701,"covered":125,"skipped":0,"pct":17.83},"branches":{"total":1660,"covered":32,"skipped":0,"pct":1.93}}
,"/Users/rcombs/dev/clay/cnn-content-hub/app/components/meta-url/model.js": {"lines":{"total":38,"covered":36,"skipped":0,"pct":94.74},"functions":{"total":3,"covered":3,"skipped":0,"pct":100},"statements":{"total":38,"covered":36,"skipped":0,"pct":94.74},"branches":{"total":42,"covered":40,"skipped":0,"pct":95.24}}
,"/Users/rcombs/dev/clay/cnn-content-hub/app/components/meta-url/template.hbs": {"lines":{"total":707,"covered":127,"skipped":0,"pct":17.96},"functions":{"total":237,"covered":6,"skipped":0,"pct":2.53},"statements":{"total":711,"covered":131,"skipped":0,"pct":18.42},"branches":{"total":1694,"covered":48,"skipped":0,"pct":2.83}}
,"/Users/rcombs/dev/clay/cnn-content-hub/app/components/newsletter/client.js": {"lines":{"total":33,"covered":31,"skipped":0,"pct":93.94},"functions":{"total":7,"covered":6,"skipped":0,"pct":85.71},"statements":{"total":33,"covered":31,"skipped":0,"pct":93.94},"branches":{"total":12,"covered":9,"skipped":0,"pct":75}}
,"/Users/rcombs/dev/clay/cnn-content-hub/app/components/newsletter/model.js": {"lines":{"total":5,"covered":5,"skipped":0,"pct":100},"functions":{"total":1,"covered":1,"skipped":0,"pct":100},"statements":{"total":5,"covered":5,"skipped":0,"pct":100},"branches":{"total":2,"covered":1,"skipped":0,"pct":50}}
,"/Users/rcombs/dev/clay/cnn-content-hub/app/components/newsletter/template.hbs": {"lines":{"total":702,"covered":125,"skipped":0,"pct":17.81},"functions":{"total":235,"covered":5,"skipped":0,"pct":2.13},"statements":{"total":710,"covered":133,"skipped":0,"pct":18.73},"branches":{"total":1720,"covered":68,"skipped":0,"pct":3.95}}
,"/Users/rcombs/dev/clay/cnn-content-hub/app/components/newsletter-hub/client.js": {"lines":{"total":380,"covered":144,"skipped":0,"pct":37.89},"functions":{"total":60,"covered":11,"skipped":0,"pct":18.33},"statements":{"total":383,"covered":145,"skipped":0,"pct":37.86},"branches":{"total":179,"covered":35,"skipped":0,"pct":19.55}}
,"/Users/rcombs/dev/clay/cnn-content-hub/app/components/newsletter-hub/model.js": {"lines":{"total":39,"covered":29,"skipped":0,"pct":74.36},"functions":{"total":5,"covered":3,"skipped":0,"pct":60},"statements":{"total":40,"covered":30,"skipped":0,"pct":75},"branches":{"total":17,"covered":10,"skipped":0,"pct":58.82}}
,"/Users/rcombs/dev/clay/cnn-content-hub/app/components/newsletter-hub/newsletters-sdk.js": {"lines":{"total":76,"covered":66,"skipped":0,"pct":86.84},"functions":{"total":12,"covered":11,"skipped":0,"pct":91.67},"statements":{"total":77,"covered":67,"skipped":0,"pct":87.01},"branches":{"total":48,"covered":36,"skipped":0,"pct":75}}
,"/Users/rcombs/dev/clay/cnn-content-hub/app/components/newsletter-hub/template.hbs": {"lines":{"total":735,"covered":138,"skipped":0,"pct":18.78},"functions":{"total":250,"covered":13,"skipped":0,"pct":5.2},"statements":{"total":753,"covered":156,"skipped":0,"pct":20.72},"branches":{"total":1936,"covered":160,"skipped":0,"pct":8.26}}
,"/Users/rcombs/dev/clay/cnn-content-hub/app/components/paragraph/anf.model.js": {"lines":{"total":24,"covered":23,"skipped":0,"pct":95.83},"functions":{"total":3,"covered":3,"skipped":0,"pct":100},"statements":{"total":24,"covered":23,"skipped":0,"pct":95.83},"branches":{"total":20,"covered":18,"skipped":0,"pct":90}}
,"/Users/rcombs/dev/clay/cnn-content-hub/app/components/paragraph/client.js": {"lines":{"total":6,"covered":6,"skipped":0,"pct":100},"functions":{"total":2,"covered":2,"skipped":0,"pct":100},"statements":{"total":7,"covered":7,"skipped":0,"pct":100},"branches":{"total":4,"covered":3,"skipped":0,"pct":75}}
,"/Users/rcombs/dev/clay/cnn-content-hub/app/components/paragraph/model.js": {"lines":{"total":4,"covered":4,"skipped":0,"pct":100},"functions":{"total":1,"covered":1,"skipped":0,"pct":100},"statements":{"total":4,"covered":4,"skipped":0,"pct":100},"branches":{"total":2,"covered":2,"skipped":0,"pct":100}}
,"/Users/rcombs/dev/clay/cnn-content-hub/app/components/paragraph/template.hbs": {"lines":{"total":688,"covered":119,"skipped":0,"pct":17.3},"functions":{"total":230,"covered":2,"skipped":0,"pct":0.87},"statements":{"total":692,"covered":123,"skipped":0,"pct":17.77},"branches":{"total":1630,"covered":23,"skipped":0,"pct":1.41}}
,"/Users/rcombs/dev/clay/cnn-content-hub/app/components/politics-crm/model.js": {"lines":{"total":15,"covered":10,"skipped":0,"pct":66.67},"functions":{"total":3,"covered":1,"skipped":0,"pct":33.33},"statements":{"total":15,"covered":10,"skipped":0,"pct":66.67},"branches":{"total":7,"covered":4,"skipped":0,"pct":57.14}}
,"/Users/rcombs/dev/clay/cnn-content-hub/app/components/politics-crm/template.hbs": {"lines":{"total":786,"covered":148,"skipped":0,"pct":18.83},"functions":{"total":268,"covered":15,"skipped":0,"pct":5.6},"statements":{"total":809,"covered":168,"skipped":0,"pct":20.77},"branches":{"total":1998,"covered":121,"skipped":0,"pct":6.06}}
,"/Users/rcombs/dev/clay/cnn-content-hub/app/components/politics-crm/utils.js": {"lines":{"total":62,"covered":57,"skipped":0,"pct":91.94},"functions":{"total":24,"covered":22,"skipped":0,"pct":91.67},"statements":{"total":71,"covered":62,"skipped":0,"pct":87.32},"branches":{"total":13,"covered":4,"skipped":0,"pct":30.77}}
,"/Users/rcombs/dev/clay/cnn-content-hub/app/components/poll-of-polls/template.hbs": {"lines":{"total":688,"covered":119,"skipped":0,"pct":17.3},"functions":{"total":230,"covered":2,"skipped":0,"pct":0.87},"statements":{"total":692,"covered":123,"skipped":0,"pct":17.77},"branches":{"total":1674,"covered":55,"skipped":0,"pct":3.29}}
,"/Users/rcombs/dev/clay/cnn-content-hub/app/components/pull-quote/anf.model.js": {"lines":{"total":16,"covered":16,"skipped":0,"pct":100},"functions":{"total":3,"covered":3,"skipped":0,"pct":100},"statements":{"total":16,"covered":16,"skipped":0,"pct":100},"branches":{"total":6,"covered":6,"skipped":0,"pct":100}}
,"/Users/rcombs/dev/clay/cnn-content-hub/app/components/pull-quote/model.js": {"lines":{"total":4,"covered":4,"skipped":0,"pct":100},"functions":{"total":1,"covered":1,"skipped":0,"pct":100},"statements":{"total":4,"covered":4,"skipped":0,"pct":100},"branches":{"total":2,"covered":2,"skipped":0,"pct":100}}
,"/Users/rcombs/dev/clay/cnn-content-hub/app/components/related-content/anf.model.js": {"lines":{"total":25,"covered":24,"skipped":0,"pct":96},"functions":{"total":4,"covered":4,"skipped":0,"pct":100},"statements":{"total":27,"covered":26,"skipped":0,"pct":96.3},"branches":{"total":12,"covered":8,"skipped":0,"pct":66.67}}
,"/Users/rcombs/dev/clay/cnn-content-hub/app/components/related-content/model.js": {"lines":{"total":43,"covered":31,"skipped":0,"pct":72.09},"functions":{"total":7,"covered":5,"skipped":0,"pct":71.43},"statements":{"total":43,"covered":31,"skipped":0,"pct":72.09},"branches":{"total":21,"covered":15,"skipped":0,"pct":71.43}}
,"/Users/rcombs/dev/clay/cnn-content-hub/app/components/scope/kiln.js": {"lines":{"total":42,"covered":40,"skipped":0,"pct":95.24},"functions":{"total":9,"covered":8,"skipped":0,"pct":88.89},"statements":{"total":44,"covered":41,"skipped":0,"pct":93.18},"branches":{"total":14,"covered":6,"skipped":0,"pct":42.86}}
,"/Users/rcombs/dev/clay/cnn-content-hub/app/components/scope/model.js": {"lines":{"total":76,"covered":51,"skipped":0,"pct":67.11},"functions":{"total":7,"covered":7,"skipped":0,"pct":100},"statements":{"total":77,"covered":52,"skipped":0,"pct":67.53},"branches":{"total":14,"covered":5,"skipped":0,"pct":35.71}}
,"/Users/rcombs/dev/clay/cnn-content-hub/app/components/scratchpad/kiln.js": {"lines":{"total":9,"covered":9,"skipped":0,"pct":100},"functions":{"total":2,"covered":2,"skipped":0,"pct":100},"statements":{"total":9,"covered":9,"skipped":0,"pct":100},"branches":{"total":0,"covered":0,"skipped":0,"pct":100}}
,"/Users/rcombs/dev/clay/cnn-content-hub/app/components/social-links/kiln.js": {"lines":{"total":4,"covered":4,"skipped":0,"pct":100},"functions":{"total":1,"covered":1,"skipped":0,"pct":100},"statements":{"total":4,"covered":4,"skipped":0,"pct":100},"branches":{"total":0,"covered":0,"skipped":0,"pct":100}}
,"/Users/rcombs/dev/clay/cnn-content-hub/app/components/social-links/template.hbs": {"lines":{"total":707,"covered":125,"skipped":0,"pct":17.68},"functions":{"total":237,"covered":5,"skipped":0,"pct":2.11},"statements":{"total":716,"covered":130,"skipped":0,"pct":18.16},"branches":{"total":1706,"covered":42,"skipped":0,"pct":2.46}}
,"/Users/rcombs/dev/clay/cnn-content-hub/app/components/social-share/model.js": {"lines":{"total":6,"covered":6,"skipped":0,"pct":100},"functions":{"total":1,"covered":1,"skipped":0,"pct":100},"statements":{"total":6,"covered":6,"skipped":0,"pct":100},"branches":{"total":6,"covered":5,"skipped":0,"pct":83.33}}
,"/Users/rcombs/dev/clay/cnn-content-hub/app/components/social-share/template.hbs": {"lines":{"total":687,"covered":119,"skipped":0,"pct":17.32},"functions":{"total":229,"covered":2,"skipped":0,"pct":0.87},"statements":{"total":691,"covered":123,"skipped":0,"pct":17.8},"branches":{"total":1708,"covered":67,"skipped":0,"pct":3.92}}
,"/Users/rcombs/dev/clay/cnn-content-hub/app/components/subheader/anf.model.js": {"lines":{"total":7,"covered":7,"skipped":0,"pct":100},"functions":{"total":1,"covered":1,"skipped":0,"pct":100},"statements":{"total":7,"covered":7,"skipped":0,"pct":100},"branches":{"total":2,"covered":2,"skipped":0,"pct":100}}
,"/Users/rcombs/dev/clay/cnn-content-hub/app/components/subheader/template.hbs": {"lines":{"total":698,"covered":124,"skipped":0,"pct":17.77},"functions":{"total":234,"covered":5,"skipped":0,"pct":2.14},"statements":{"total":705,"covered":131,"skipped":0,"pct":18.58},"branches":{"total":1698,"covered":56,"skipped":0,"pct":3.3}}
,"/Users/rcombs/dev/clay/cnn-content-hub/app/components/tiktok/template.hbs": {"lines":{"total":694,"covered":120,"skipped":0,"pct":17.29},"functions":{"total":233,"covered":3,"skipped":0,"pct":1.29},"statements":{"total":696,"covered":122,"skipped":0,"pct":17.53},"branches":{"total":1646,"covered":25,"skipped":0,"pct":1.52}}
,"/Users/rcombs/dev/clay/cnn-content-hub/app/components/timeline/model.js": {"lines":{"total":7,"covered":7,"skipped":0,"pct":100},"functions":{"total":3,"covered":3,"skipped":0,"pct":100},"statements":{"total":8,"covered":8,"skipped":0,"pct":100},"branches":{"total":2,"covered":2,"skipped":0,"pct":100}}
,"/Users/rcombs/dev/clay/cnn-content-hub/app/components/timestamp/kiln.js": {"lines":{"total":34,"covered":34,"skipped":0,"pct":100},"functions":{"total":11,"covered":11,"skipped":0,"pct":100},"statements":{"total":37,"covered":37,"skipped":0,"pct":100},"branches":{"total":9,"covered":9,"skipped":0,"pct":100}}
,"/Users/rcombs/dev/clay/cnn-content-hub/app/components/timestamp/model.js": {"lines":{"total":44,"covered":42,"skipped":0,"pct":95.45},"functions":{"total":8,"covered":8,"skipped":0,"pct":100},"statements":{"total":44,"covered":42,"skipped":0,"pct":95.45},"branches":{"total":41,"covered":37,"skipped":0,"pct":90.24}}
,"/Users/rcombs/dev/clay/cnn-content-hub/app/components/timestamp/template.hbs": {"lines":{"total":717,"covered":119,"skipped":0,"pct":16.6},"functions":{"total":237,"covered":2,"skipped":0,"pct":0.84},"statements":{"total":723,"covered":123,"skipped":0,"pct":17.01},"branches":{"total":1668,"covered":21,"skipped":0,"pct":1.26}}
,"/Users/rcombs/dev/clay/cnn-content-hub/app/components/twitter/anf.model.js": {"lines":{"total":4,"covered":4,"skipped":0,"pct":100},"functions":{"total":1,"covered":1,"skipped":0,"pct":100},"statements":{"total":4,"covered":4,"skipped":0,"pct":100},"branches":{"total":4,"covered":4,"skipped":0,"pct":100}}
,"/Users/rcombs/dev/clay/cnn-content-hub/app/components/twitter/template.hbs": {"lines":{"total":704,"covered":126,"skipped":0,"pct":17.9},"functions":{"total":236,"covered":4,"skipped":0,"pct":1.69},"statements":{"total":706,"covered":128,"skipped":0,"pct":18.13},"branches":{"total":1683,"covered":47,"skipped":0,"pct":2.79}}
,"/Users/rcombs/dev/clay/cnn-content-hub/app/components/user-account/basicActions.js": {"lines":{"total":14,"covered":1,"skipped":0,"pct":7.14},"functions":{"total":19,"covered":0,"skipped":0,"pct":0},"statements":{"total":22,"covered":1,"skipped":0,"pct":4.55},"branches":{"total":3,"covered":0,"skipped":0,"pct":0}}
,"/Users/rcombs/dev/clay/cnn-content-hub/app/components/user-account/login.js": {"lines":{"total":199,"covered":61,"skipped":0,"pct":30.65},"functions":{"total":48,"covered":2,"skipped":0,"pct":4.17},"statements":{"total":207,"covered":61,"skipped":0,"pct":29.47},"branches":{"total":36,"covered":0,"skipped":0,"pct":0}}
,"/Users/rcombs/dev/clay/cnn-content-hub/app/components/user-account/preferences.js": {"lines":{"total":46,"covered":20,"skipped":0,"pct":43.48},"functions":{"total":19,"covered":2,"skipped":0,"pct":10.53},"statements":{"total":57,"covered":20,"skipped":0,"pct":35.09},"branches":{"total":10,"covered":0,"skipped":0,"pct":0}}
,"/Users/rcombs/dev/clay/cnn-content-hub/app/components/user-account/template.hbs": {"lines":{"total":697,"covered":119,"skipped":0,"pct":17.07},"functions":{"total":233,"covered":2,"skipped":0,"pct":0.86},"statements":{"total":705,"covered":119,"skipped":0,"pct":16.88},"branches":{"total":1746,"covered":9,"skipped":0,"pct":0.52}}
,"/Users/rcombs/dev/clay/cnn-content-hub/app/components/user-account-login/client.js": {"lines":{"total":20,"covered":20,"skipped":0,"pct":100},"functions":{"total":4,"covered":4,"skipped":0,"pct":100},"statements":{"total":21,"covered":21,"skipped":0,"pct":100},"branches":{"total":15,"covered":13,"skipped":0,"pct":86.67}}
,"/Users/rcombs/dev/clay/cnn-content-hub/app/components/user-account-login/template.hbs": {"lines":{"total":738,"covered":140,"skipped":0,"pct":18.97},"functions":{"total":250,"covered":13,"skipped":0,"pct":5.2},"statements":{"total":740,"covered":142,"skipped":0,"pct":19.19},"branches":{"total":1736,"covered":52,"skipped":0,"pct":3}}
,"/Users/rcombs/dev/clay/cnn-content-hub/app/components/user-account-login-form/client.js": {"lines":{"total":98,"covered":95,"skipped":0,"pct":96.94},"functions":{"total":17,"covered":15,"skipped":0,"pct":88.24},"statements":{"total":100,"covered":96,"skipped":0,"pct":96},"branches":{"total":34,"covered":29,"skipped":0,"pct":85.29}}
,"/Users/rcombs/dev/clay/cnn-content-hub/app/components/user-account-login-form/template.hbs": {"lines":{"total":722,"covered":133,"skipped":0,"pct":18.42},"functions":{"total":243,"covered":9,"skipped":0,"pct":3.7},"statements":{"total":726,"covered":137,"skipped":0,"pct":18.87},"branches":{"total":1818,"covered":113,"skipped":0,"pct":6.22}}
,"/Users/rcombs/dev/clay/cnn-content-hub/app/components/user-account-login-form/view-elements.js": {"lines":{"total":23,"covered":23,"skipped":0,"pct":100},"functions":{"total":5,"covered":4,"skipped":0,"pct":80},"statements":{"total":24,"covered":23,"skipped":0,"pct":95.83},"branches":{"total":6,"covered":6,"skipped":0,"pct":100}}
,"/Users/rcombs/dev/clay/cnn-content-hub/app/components/user-account-registration/client.js": {"lines":{"total":94,"covered":91,"skipped":0,"pct":96.81},"functions":{"total":9,"covered":6,"skipped":0,"pct":66.67},"statements":{"total":96,"covered":92,"skipped":0,"pct":95.83},"branches":{"total":68,"covered":63,"skipped":0,"pct":92.65}}
,"/Users/rcombs/dev/clay/cnn-content-hub/app/components/user-account-registration/template.hbs": {"lines":{"total":813,"covered":124,"skipped":0,"pct":15.25},"functions":{"total":280,"covered":5,"skipped":0,"pct":1.79},"statements":{"total":819,"covered":127,"skipped":0,"pct":15.51},"branches":{"total":1978,"covered":31,"skipped":0,"pct":1.57}}
,"/Users/rcombs/dev/clay/cnn-content-hub/app/components/video/anf.model.js": {"lines":{"total":14,"covered":14,"skipped":0,"pct":100},"functions":{"total":2,"covered":2,"skipped":0,"pct":100},"statements":{"total":14,"covered":14,"skipped":0,"pct":100},"branches":{"total":6,"covered":5,"skipped":0,"pct":83.33}}
,"/Users/rcombs/dev/clay/cnn-content-hub/app/components/video/client.js": {"lines":{"total":8,"covered":7,"skipped":0,"pct":87.5},"functions":{"total":2,"covered":2,"skipped":0,"pct":100},"statements":{"total":8,"covered":7,"skipped":0,"pct":87.5},"branches":{"total":4,"covered":3,"skipped":0,"pct":75}}
,"/Users/rcombs/dev/clay/cnn-content-hub/app/components/video/fave-config.js": {"lines":{"total":76,"covered":63,"skipped":0,"pct":82.89},"functions":{"total":13,"covered":9,"skipped":0,"pct":69.23},"statements":{"total":78,"covered":64,"skipped":0,"pct":82.05},"branches":{"total":23,"covered":18,"skipped":0,"pct":78.26}}
,"/Users/rcombs/dev/clay/cnn-content-hub/app/components/video/kiln.js": {"lines":{"total":121,"covered":26,"skipped":0,"pct":21.49},"functions":{"total":30,"covered":5,"skipped":0,"pct":16.67},"statements":{"total":127,"covered":26,"skipped":0,"pct":20.47},"branches":{"total":61,"covered":1,"skipped":0,"pct":1.64}}
,"/Users/rcombs/dev/clay/cnn-content-hub/app/components/video/model.js": {"lines":{"total":33,"covered":23,"skipped":0,"pct":69.7},"functions":{"total":4,"covered":2,"skipped":0,"pct":50},"statements":{"total":33,"covered":23,"skipped":0,"pct":69.7},"branches":{"total":14,"covered":8,"skipped":0,"pct":57.14}}
,"/Users/rcombs/dev/clay/cnn-content-hub/app/components/video/ssid.js": {"lines":{"total":26,"covered":21,"skipped":0,"pct":80.77},"functions":{"total":1,"covered":1,"skipped":0,"pct":100},"statements":{"total":26,"covered":21,"skipped":0,"pct":80.77},"branches":{"total":20,"covered":14,"skipped":0,"pct":70}}
,"/Users/rcombs/dev/clay/cnn-content-hub/app/components/video/sticky-video.js": {"lines":{"total":64,"covered":2,"skipped":0,"pct":3.13},"functions":{"total":8,"covered":0,"skipped":0,"pct":0},"statements":{"total":64,"covered":2,"skipped":0,"pct":3.13},"branches":{"total":18,"covered":0,"skipped":0,"pct":0}}
,"/Users/rcombs/dev/clay/cnn-content-hub/app/components/video-leaf/model.js": {"lines":{"total":10,"covered":10,"skipped":0,"pct":100},"functions":{"total":2,"covered":2,"skipped":0,"pct":100},"statements":{"total":10,"covered":10,"skipped":0,"pct":100},"branches":{"total":4,"covered":3,"skipped":0,"pct":75}}
,"/Users/rcombs/dev/clay/cnn-content-hub/app/components/video-playlist/model.js": {"lines":{"total":22,"covered":7,"skipped":0,"pct":31.82},"functions":{"total":10,"covered":0,"skipped":0,"pct":0},"statements":{"total":22,"covered":7,"skipped":0,"pct":31.82},"branches":{"total":14,"covered":0,"skipped":0,"pct":0}}
,"/Users/rcombs/dev/clay/cnn-content-hub/app/components/vimeo/anf.model.js": {"lines":{"total":16,"covered":14,"skipped":0,"pct":87.5},"functions":{"total":2,"covered":2,"skipped":0,"pct":100},"statements":{"total":17,"covered":15,"skipped":0,"pct":88.24},"branches":{"total":8,"covered":6,"skipped":0,"pct":75}}
,"/Users/rcombs/dev/clay/cnn-content-hub/app/components/vimeo/model.js": {"lines":{"total":9,"covered":9,"skipped":0,"pct":100},"functions":{"total":2,"covered":2,"skipped":0,"pct":100},"statements":{"total":9,"covered":9,"skipped":0,"pct":100},"branches":{"total":4,"covered":3,"skipped":0,"pct":75}}
,"/Users/rcombs/dev/clay/cnn-content-hub/app/components/vimeo/template.hbs": {"lines":{"total":692,"covered":121,"skipped":0,"pct":17.49},"functions":{"total":231,"covered":3,"skipped":0,"pct":1.3},"statements":{"total":699,"covered":128,"skipped":0,"pct":18.31},"branches":{"total":1648,"covered":33,"skipped":0,"pct":2}}
,"/Users/rcombs/dev/clay/cnn-content-hub/app/components/voter-tool-detail/kiln.js": {"lines":{"total":22,"covered":15,"skipped":0,"pct":68.18},"functions":{"total":7,"covered":4,"skipped":0,"pct":57.14},"statements":{"total":23,"covered":15,"skipped":0,"pct":65.22},"branches":{"total":6,"covered":1,"skipped":0,"pct":16.67}}
,"/Users/rcombs/dev/clay/cnn-content-hub/app/components/voter-tool-detail/model.js": {"lines":{"total":33,"covered":27,"skipped":0,"pct":81.82},"functions":{"total":8,"covered":7,"skipped":0,"pct":87.5},"statements":{"total":35,"covered":29,"skipped":0,"pct":82.86},"branches":{"total":14,"covered":7,"skipped":0,"pct":50}}
,"/Users/rcombs/dev/clay/cnn-content-hub/app/components/youtube/anf.model.js": {"lines":{"total":4,"covered":4,"skipped":0,"pct":100},"functions":{"total":1,"covered":1,"skipped":0,"pct":100},"statements":{"total":4,"covered":4,"skipped":0,"pct":100},"branches":{"total":2,"covered":2,"skipped":0,"pct":100}}
,"/Users/rcombs/dev/clay/cnn-content-hub/app/components/youtube/model.js": {"lines":{"total":9,"covered":9,"skipped":0,"pct":100},"functions":{"total":2,"covered":2,"skipped":0,"pct":100},"statements":{"total":9,"covered":9,"skipped":0,"pct":100},"branches":{"total":4,"covered":3,"skipped":0,"pct":75}}
,"/Users/rcombs/dev/clay/cnn-content-hub/app/components/youtube/template.hbs": {"lines":{"total":692,"covered":121,"skipped":0,"pct":17.49},"functions":{"total":231,"covered":3,"skipped":0,"pct":1.3},"statements":{"total":699,"covered":128,"skipped":0,"pct":18.31},"branches":{"total":1648,"covered":33,"skipped":0,"pct":2}}
,"/Users/rcombs/dev/clay/cnn-content-hub/app/search/handlers/images.js": {"lines":{"total":103,"covered":37,"skipped":0,"pct":35.92},"functions":{"total":43,"covered":9,"skipped":0,"pct":20.93},"statements":{"total":108,"covered":37,"skipped":0,"pct":34.26},"branches":{"total":42,"covered":19,"skipped":0,"pct":45.24}}
,"/Users/rcombs/dev/clay/cnn-content-hub/app/search/handlers/synced-components.js": {"lines":{"total":48,"covered":48,"skipped":0,"pct":100},"functions":{"total":9,"covered":9,"skipped":0,"pct":100},"statements":{"total":49,"covered":49,"skipped":0,"pct":100},"branches":{"total":26,"covered":23,"skipped":0,"pct":88.46}}
,"/Users/rcombs/dev/clay/cnn-content-hub/app/search/helpers/components.js": {"lines":{"total":42,"covered":24,"skipped":0,"pct":57.14},"functions":{"total":17,"covered":6,"skipped":0,"pct":35.29},"statements":{"total":44,"covered":24,"skipped":0,"pct":54.55},"branches":{"total":6,"covered":3,"skipped":0,"pct":50}}
,"/Users/rcombs/dev/clay/cnn-content-hub/app/search/helpers/log.js": {"lines":{"total":6,"covered":4,"skipped":0,"pct":66.67},"functions":{"total":3,"covered":1,"skipped":0,"pct":33.33},"statements":{"total":6,"covered":4,"skipped":0,"pct":66.67},"branches":{"total":0,"covered":0,"skipped":0,"pct":100}}
,"/Users/rcombs/dev/clay/cnn-content-hub/app/services/amphora/render-plugins.js": {"lines":{"total":118,"covered":65,"skipped":0,"pct":55.08},"functions":{"total":20,"covered":8,"skipped":0,"pct":40},"statements":{"total":120,"covered":66,"skipped":0,"pct":55},"branches":{"total":63,"covered":26,"skipped":0,"pct":41.27}}
,"/Users/rcombs/dev/clay/cnn-content-hub/app/services/amphora/hooks/page.js": {"lines":{"total":13,"covered":13,"skipped":0,"pct":100},"functions":{"total":6,"covered":6,"skipped":0,"pct":100},"statements":{"total":14,"covered":14,"skipped":0,"pct":100},"branches":{"total":0,"covered":0,"skipped":0,"pct":100}}
,"/Users/rcombs/dev/clay/cnn-content-hub/app/services/amphora/plugins/amphora-version/db.js": {"lines":{"total":61,"covered":21,"skipped":0,"pct":34.43},"functions":{"total":16,"covered":1,"skipped":0,"pct":6.25},"statements":{"total":63,"covered":21,"skipped":0,"pct":33.33},"branches":{"total":7,"covered":0,"skipped":0,"pct":0}}
,"/Users/rcombs/dev/clay/cnn-content-hub/app/services/amphora/plugins/amphora-version/utils.js": {"lines":{"total":80,"covered":35,"skipped":0,"pct":43.75},"functions":{"total":20,"covered":5,"skipped":0,"pct":25},"statements":{"total":80,"covered":35,"skipped":0,"pct":43.75},"branches":{"total":37,"covered":7,"skipped":0,"pct":18.92}}
,"/Users/rcombs/dev/clay/cnn-content-hub/app/services/client/elastic.js": {"lines":{"total":8,"covered":6,"skipped":0,"pct":75},"functions":{"total":4,"covered":1,"skipped":0,"pct":25},"statements":{"total":9,"covered":6,"skipped":0,"pct":66.67},"branches":{"total":0,"covered":0,"skipped":0,"pct":100}}
,"/Users/rcombs/dev/clay/cnn-content-hub/app/services/client/feedback-message.js": {"lines":{"total":21,"covered":21,"skipped":0,"pct":100},"functions":{"total":5,"covered":5,"skipped":0,"pct":100},"statements":{"total":24,"covered":23,"skipped":0,"pct":95.83},"branches":{"total":21,"covered":17,"skipped":0,"pct":80.95}}
,"/Users/rcombs/dev/clay/cnn-content-hub/app/services/client/image.js": {"lines":{"total":9,"covered":4,"skipped":0,"pct":44.44},"functions":{"total":4,"covered":0,"skipped":0,"pct":0},"statements":{"total":9,"covered":4,"skipped":0,"pct":44.44},"branches":{"total":0,"covered":0,"skipped":0,"pct":100}}
,"/Users/rcombs/dev/clay/cnn-content-hub/app/services/client/lists.js": {"lines":{"total":8,"covered":8,"skipped":0,"pct":100},"functions":{"total":1,"covered":1,"skipped":0,"pct":100},"statements":{"total":8,"covered":8,"skipped":0,"pct":100},"branches":{"total":4,"covered":4,"skipped":0,"pct":100}}
,"/Users/rcombs/dev/clay/cnn-content-hub/app/services/client/position-element.js": {"lines":{"total":49,"covered":48,"skipped":0,"pct":97.96},"functions":{"total":7,"covered":7,"skipped":0,"pct":100},"statements":{"total":49,"covered":48,"skipped":0,"pct":97.96},"branches":{"total":50,"covered":42,"skipped":0,"pct":84}}
,"/Users/rcombs/dev/clay/cnn-content-hub/app/services/client/syncSameComponents.js": {"lines":{"total":10,"covered":10,"skipped":0,"pct":100},"functions":{"total":3,"covered":3,"skipped":0,"pct":100},"statements":{"total":10,"covered":10,"skipped":0,"pct":100},"branches":{"total":4,"covered":4,"skipped":0,"pct":100}}
,"/Users/rcombs/dev/clay/cnn-content-hub/app/services/client/toast.js": {"lines":{"total":31,"covered":30,"skipped":0,"pct":96.77},"functions":{"total":8,"covered":7,"skipped":0,"pct":87.5},"statements":{"total":36,"covered":34,"skipped":0,"pct":94.44},"branches":{"total":25,"covered":16,"skipped":0,"pct":64}}
,"/Users/rcombs/dev/clay/cnn-content-hub/app/services/client/utils.js": {"lines":{"total":7,"covered":7,"skipped":0,"pct":100},"functions":{"total":2,"covered":2,"skipped":0,"pct":100},"statements":{"total":7,"covered":7,"skipped":0,"pct":100},"branches":{"total":2,"covered":1,"skipped":0,"pct":50}}
,"/Users/rcombs/dev/clay/cnn-content-hub/app/services/client/verify-recaptcha.js": {"lines":{"total":14,"covered":14,"skipped":0,"pct":100},"functions":{"total":6,"covered":6,"skipped":0,"pct":100},"statements":{"total":14,"covered":14,"skipped":0,"pct":100},"branches":{"total":4,"covered":4,"skipped":0,"pct":100}}
,"/Users/rcombs/dev/clay/cnn-content-hub/app/services/client/video-playlist.js": {"lines":{"total":100,"covered":2,"skipped":0,"pct":2},"functions":{"total":20,"covered":0,"skipped":0,"pct":0},"statements":{"total":101,"covered":2,"skipped":0,"pct":1.98},"branches":{"total":42,"covered":0,"skipped":0,"pct":0}}
,"/Users/rcombs/dev/clay/cnn-content-hub/app/services/client/video.js": {"lines":{"total":3,"covered":2,"skipped":0,"pct":66.67},"functions":{"total":1,"covered":0,"skipped":0,"pct":0},"statements":{"total":3,"covered":2,"skipped":0,"pct":66.67},"branches":{"total":0,"covered":0,"skipped":0,"pct":100}}
,"/Users/rcombs/dev/clay/cnn-content-hub/app/services/client/viewport.js": {"lines":{"total":30,"covered":26,"skipped":0,"pct":86.67},"functions":{"total":8,"covered":7,"skipped":0,"pct":87.5},"statements":{"total":30,"covered":26,"skipped":0,"pct":86.67},"branches":{"total":13,"covered":12,"skipped":0,"pct":92.31}}
,"/Users/rcombs/dev/clay/cnn-content-hub/app/services/client/zion-dalton-sdk.js": {"lines":{"total":97,"covered":82,"skipped":0,"pct":84.54},"functions":{"total":13,"covered":10,"skipped":0,"pct":76.92},"statements":{"total":98,"covered":83,"skipped":0,"pct":84.69},"branches":{"total":53,"covered":43,"skipped":0,"pct":81.13}}
,"/Users/rcombs/dev/clay/cnn-content-hub/app/services/client/zion-events.js": {"lines":{"total":34,"covered":14,"skipped":0,"pct":41.18},"functions":{"total":8,"covered":2,"skipped":0,"pct":25},"statements":{"total":34,"covered":14,"skipped":0,"pct":41.18},"branches":{"total":23,"covered":13,"skipped":0,"pct":56.52}}
,"/Users/rcombs/dev/clay/cnn-content-hub/app/services/collaboration/collaborator.service.js": {"lines":{"total":103,"covered":100,"skipped":0,"pct":97.09},"functions":{"total":23,"covered":20,"skipped":0,"pct":86.96},"statements":{"total":103,"covered":100,"skipped":0,"pct":97.09},"branches":{"total":32,"covered":28,"skipped":0,"pct":87.5}}
,"/Users/rcombs/dev/clay/cnn-content-hub/app/services/collaboration/redis.service.js": {"lines":{"total":33,"covered":11,"skipped":0,"pct":33.33},"functions":{"total":12,"covered":0,"skipped":0,"pct":0},"statements":{"total":33,"covered":11,"skipped":0,"pct":33.33},"branches":{"total":6,"covered":0,"skipped":0,"pct":0}}
,"/Users/rcombs/dev/clay/cnn-content-hub/app/services/dotenv/index.js": {"lines":{"total":78,"covered":61,"skipped":0,"pct":78.21},"functions":{"total":5,"covered":4,"skipped":0,"pct":80},"statements":{"total":79,"covered":61,"skipped":0,"pct":77.22},"branches":{"total":42,"covered":29,"skipped":0,"pct":69.05}}
,"/Users/rcombs/dev/clay/cnn-content-hub/app/services/dotenv/params.js": {"lines":{"total":135,"covered":99,"skipped":0,"pct":73.33},"functions":{"total":18,"covered":14,"skipped":0,"pct":77.78},"statements":{"total":137,"covered":101,"skipped":0,"pct":73.72},"branches":{"total":73,"covered":52,"skipped":0,"pct":71.23}}
,"/Users/rcombs/dev/clay/cnn-content-hub/app/services/dotenv/variables.js": {"lines":{"total":58,"covered":56,"skipped":0,"pct":96.55},"functions":{"total":14,"covered":13,"skipped":0,"pct":92.86},"statements":{"total":58,"covered":56,"skipped":0,"pct":96.55},"branches":{"total":48,"covered":45,"skipped":0,"pct":93.75}}
,"/Users/rcombs/dev/clay/cnn-content-hub/app/services/kiln/components/chips-input.vue": {"lines":{"total":19,"covered":19,"skipped":0,"pct":100},"functions":{"total":7,"covered":7,"skipped":0,"pct":100},"statements":{"total":19,"covered":19,"skipped":0,"pct":100},"branches":{"total":19,"covered":19,"skipped":0,"pct":100}}
,"/Users/rcombs/dev/clay/cnn-content-hub/app/services/kiln/components/date-range.vue": {"lines":{"total":18,"covered":18,"skipped":0,"pct":100},"functions":{"total":5,"covered":5,"skipped":0,"pct":100},"statements":{"total":18,"covered":18,"skipped":0,"pct":100},"branches":{"total":12,"covered":12,"skipped":0,"pct":100}}
,"/Users/rcombs/dev/clay/cnn-content-hub/app/services/kiln/components/date-time-picker.vue": {"lines":{"total":16,"covered":16,"skipped":0,"pct":100},"functions":{"total":6,"covered":6,"skipped":0,"pct":100},"statements":{"total":16,"covered":16,"skipped":0,"pct":100},"branches":{"total":13,"covered":13,"skipped":0,"pct":100}}
,"/Users/rcombs/dev/clay/cnn-content-hub/app/services/kiln/components/rich-text.vue": {"lines":{"total":4,"covered":2,"skipped":0,"pct":50},"functions":{"total":2,"covered":0,"skipped":0,"pct":0},"statements":{"total":4,"covered":2,"skipped":0,"pct":50},"branches":{"total":4,"covered":0,"skipped":0,"pct":0}}
,"/Users/rcombs/dev/clay/cnn-content-hub/app/services/kiln/components/scroll-list.vue": {"lines":{"total":6,"covered":6,"skipped":0,"pct":100},"functions":{"total":2,"covered":2,"skipped":0,"pct":100},"statements":{"total":6,"covered":6,"skipped":0,"pct":100},"branches":{"total":4,"covered":4,"skipped":0,"pct":100}}
,"/Users/rcombs/dev/clay/cnn-content-hub/app/services/kiln/components/select-license.vue": {"lines":{"total":17,"covered":17,"skipped":0,"pct":100},"functions":{"total":7,"covered":7,"skipped":0,"pct":100},"statements":{"total":17,"covered":17,"skipped":0,"pct":100},"branches":{"total":6,"covered":5,"skipped":0,"pct":83.33}}
,"/Users/rcombs/dev/clay/cnn-content-hub/app/services/kiln/components/status-label.vue": {"lines":{"total":18,"covered":18,"skipped":0,"pct":100},"functions":{"total":7,"covered":7,"skipped":0,"pct":100},"statements":{"total":18,"covered":18,"skipped":0,"pct":100},"branches":{"total":6,"covered":6,"skipped":0,"pct":100}}
,"/Users/rcombs/dev/clay/cnn-content-hub/app/services/kiln/plugins/condition-options/condition-options.vue": {"lines":{"total":39,"covered":35,"skipped":0,"pct":89.74},"functions":{"total":13,"covered":12,"skipped":0,"pct":92.31},"statements":{"total":39,"covered":35,"skipped":0,"pct":89.74},"branches":{"total":11,"covered":7,"skipped":0,"pct":63.64}}
,"/Users/rcombs/dev/clay/cnn-content-hub/app/services/kiln/plugins/condition-options/condition.vue": {"lines":{"total":53,"covered":52,"skipped":0,"pct":98.11},"functions":{"total":22,"covered":21,"skipped":0,"pct":95.45},"statements":{"total":53,"covered":52,"skipped":0,"pct":98.11},"branches":{"total":24,"covered":20,"skipped":0,"pct":83.33}}
,"/Users/rcombs/dev/clay/cnn-content-hub/app/services/kiln/plugins/content-picker/content-manual.vue": {"lines":{"total":19,"covered":19,"skipped":0,"pct":100},"functions":{"total":4,"covered":4,"skipped":0,"pct":100},"statements":{"total":19,"covered":19,"skipped":0,"pct":100},"branches":{"total":2,"covered":2,"skipped":0,"pct":100}}
,"/Users/rcombs/dev/clay/cnn-content-hub/app/services/kiln/plugins/content-picker/content-placeholder.vue": {"lines":{"total":5,"covered":5,"skipped":0,"pct":100},"functions":{"total":2,"covered":2,"skipped":0,"pct":100},"statements":{"total":5,"covered":5,"skipped":0,"pct":100},"branches":{"total":0,"covered":0,"skipped":0,"pct":100}}
,"/Users/rcombs/dev/clay/cnn-content-hub/app/services/kiln/plugins/datetime/input.vue": {"lines":{"total":9,"covered":9,"skipped":0,"pct":100},"functions":{"total":3,"covered":3,"skipped":0,"pct":100},"statements":{"total":9,"covered":9,"skipped":0,"pct":100},"branches":{"total":4,"covered":4,"skipped":0,"pct":100}}
,"/Users/rcombs/dev/clay/cnn-content-hub/app/services/kiln/plugins/media-manager/src/constants.js": {"lines":{"total":4,"covered":4,"skipped":0,"pct":100},"functions":{"total":0,"covered":0,"skipped":0,"pct":100},"statements":{"total":4,"covered":4,"skipped":0,"pct":100},"branches":{"total":0,"covered":0,"skipped":0,"pct":100}}
,"/Users/rcombs/dev/clay/cnn-content-hub/app/services/kiln/plugins/media-manager/src/crop-preview-panel.vue": {"lines":{"total":20,"covered":4,"skipped":0,"pct":20},"functions":{"total":12,"covered":0,"skipped":0,"pct":0},"statements":{"total":20,"covered":4,"skipped":0,"pct":20},"branches":{"total":5,"covered":0,"skipped":0,"pct":0}}
,"/Users/rcombs/dev/clay/cnn-content-hub/app/services/kiln/plugins/media-manager/src/crop-preview.vue": {"lines":{"total":15,"covered":1,"skipped":0,"pct":6.67},"functions":{"total":6,"covered":0,"skipped":0,"pct":0},"statements":{"total":15,"covered":1,"skipped":0,"pct":6.67},"branches":{"total":4,"covered":0,"skipped":0,"pct":0}}
,"/Users/rcombs/dev/clay/cnn-content-hub/app/services/kiln/plugins/media-manager/src/details-form.vue": {"lines":{"total":41,"covered":41,"skipped":0,"pct":100},"functions":{"total":13,"covered":13,"skipped":0,"pct":100},"statements":{"total":41,"covered":41,"skipped":0,"pct":100},"branches":{"total":10,"covered":7,"skipped":0,"pct":70}}
,"/Users/rcombs/dev/clay/cnn-content-hub/app/services/kiln/plugins/mediapicker-image/image-picker.vue": {"lines":{"total":74,"covered":43,"skipped":0,"pct":58.11},"functions":{"total":22,"covered":11,"skipped":0,"pct":50},"statements":{"total":74,"covered":43,"skipped":0,"pct":58.11},"branches":{"total":25,"covered":10,"skipped":0,"pct":40}}
,"/Users/rcombs/dev/clay/cnn-content-hub/app/services/kiln/plugins/mediapicker-image/image-search.vue": {"lines":{"total":47,"covered":6,"skipped":0,"pct":12.77},"functions":{"total":12,"covered":0,"skipped":0,"pct":0},"statements":{"total":47,"covered":6,"skipped":0,"pct":12.77},"branches":{"total":14,"covered":0,"skipped":0,"pct":0}}
,"/Users/rcombs/dev/clay/cnn-content-hub/app/services/kiln/plugins/mediapicker-image/components/file-picker.vue": {"lines":{"total":14,"covered":4,"skipped":0,"pct":28.57},"functions":{"total":5,"covered":0,"skipped":0,"pct":0},"statements":{"total":14,"covered":4,"skipped":0,"pct":28.57},"branches":{"total":4,"covered":0,"skipped":0,"pct":0}}
,"/Users/rcombs/dev/clay/cnn-content-hub/app/services/kiln/plugins/mediapicker-image/components/image-details.vue": {"lines":{"total":29,"covered":10,"skipped":0,"pct":34.48},"functions":{"total":11,"covered":0,"skipped":0,"pct":0},"statements":{"total":29,"covered":10,"skipped":0,"pct":34.48},"branches":{"total":6,"covered":0,"skipped":0,"pct":0}}
,"/Users/rcombs/dev/clay/cnn-content-hub/app/services/kiln/plugins/mediapicker-image/components/image-result.vue": {"lines":{"total":20,"covered":7,"skipped":0,"pct":35},"functions":{"total":8,"covered":0,"skipped":0,"pct":0},"statements":{"total":20,"covered":7,"skipped":0,"pct":35},"branches":{"total":4,"covered":0,"skipped":0,"pct":0}}
,"/Users/rcombs/dev/clay/cnn-content-hub/app/services/kiln/plugins/synced-component/container.vue": {"lines":{"total":1,"covered":1,"skipped":0,"pct":100},"functions":{"total":0,"covered":0,"skipped":0,"pct":100},"statements":{"total":1,"covered":1,"skipped":0,"pct":100},"branches":{"total":0,"covered":0,"skipped":0,"pct":100}}
,"/Users/rcombs/dev/clay/cnn-content-hub/app/services/kiln/plugins/synced-component/schema.js": {"lines":{"total":75,"covered":67,"skipped":0,"pct":89.33},"functions":{"total":12,"covered":11,"skipped":0,"pct":91.67},"statements":{"total":77,"covered":69,"skipped":0,"pct":89.61},"branches":{"total":20,"covered":9,"skipped":0,"pct":45}}
,"/Users/rcombs/dev/clay/cnn-content-hub/app/services/kiln/plugins/synced-component/synced-component-detail.vue": {"lines":{"total":9,"covered":9,"skipped":0,"pct":100},"functions":{"total":5,"covered":5,"skipped":0,"pct":100},"statements":{"total":9,"covered":9,"skipped":0,"pct":100},"branches":{"total":0,"covered":0,"skipped":0,"pct":100}}
,"/Users/rcombs/dev/clay/cnn-content-hub/app/services/kiln/plugins/synced-component/synced-component-preview.vue": {"lines":{"total":15,"covered":15,"skipped":0,"pct":100},"functions":{"total":3,"covered":3,"skipped":0,"pct":100},"statements":{"total":15,"covered":15,"skipped":0,"pct":100},"branches":{"total":8,"covered":7,"skipped":0,"pct":87.5}}
,"/Users/rcombs/dev/clay/cnn-content-hub/app/services/kiln/plugins/synced-component/synced-component-result.vue": {"lines":{"total":9,"covered":9,"skipped":0,"pct":100},"functions":{"total":5,"covered":5,"skipped":0,"pct":100},"statements":{"total":9,"covered":9,"skipped":0,"pct":100},"branches":{"total":4,"covered":3,"skipped":0,"pct":75}}
,"/Users/rcombs/dev/clay/cnn-content-hub/app/services/kiln/plugins/synced-component/synced-component-search.vue": {"lines":{"total":40,"covered":35,"skipped":0,"pct":87.5},"functions":{"total":10,"covered":7,"skipped":0,"pct":70},"statements":{"total":40,"covered":35,"skipped":0,"pct":87.5},"branches":{"total":22,"covered":12,"skipped":0,"pct":54.55}}
,"/Users/rcombs/dev/clay/cnn-content-hub/app/services/kiln/plugins/synced-component/synced-component.vue": {"lines":{"total":29,"covered":29,"skipped":0,"pct":100},"functions":{"total":9,"covered":9,"skipped":0,"pct":100},"statements":{"total":29,"covered":29,"skipped":0,"pct":100},"branches":{"total":4,"covered":2,"skipped":0,"pct":50}}
,"/Users/rcombs/dev/clay/cnn-content-hub/app/services/kiln/utils/editableStaticFields.js": {"lines":{"total":29,"covered":29,"skipped":0,"pct":100},"functions":{"total":11,"covered":11,"skipped":0,"pct":100},"statements":{"total":30,"covered":30,"skipped":0,"pct":100},"branches":{"total":17,"covered":15,"skipped":0,"pct":88.24}}
,"/Users/rcombs/dev/clay/cnn-content-hub/app/services/kiln/utils/kilnUtils.js": {"lines":{"total":44,"covered":43,"skipped":0,"pct":97.73},"functions":{"total":13,"covered":12,"skipped":0,"pct":92.31},"statements":{"total":45,"covered":44,"skipped":0,"pct":97.78},"branches":{"total":10,"covered":10,"skipped":0,"pct":100}}
,"/Users/rcombs/dev/clay/cnn-content-hub/app/services/kiln/utils/variations.js": {"lines":{"total":49,"covered":7,"skipped":0,"pct":14.29},"functions":{"total":13,"covered":0,"skipped":0,"pct":0},"statements":{"total":52,"covered":7,"skipped":0,"pct":13.46},"branches":{"total":22,"covered":0,"skipped":0,"pct":0}}
,"/Users/rcombs/dev/clay/cnn-content-hub/app/services/kiln/validators/image_rights.js": {"lines":{"total":70,"covered":70,"skipped":0,"pct":100},"functions":{"total":16,"covered":16,"skipped":0,"pct":100},"statements":{"total":72,"covered":72,"skipped":0,"pct":100},"branches":{"total":36,"covered":36,"skipped":0,"pct":100}}
[...]
,"/Users/rcombs/dev/clay/cnn-content-hub/app/services/server/video.js": {"lines":{"total":12,"covered":12,"skipped":0,"pct":100},"functions":{"total":1,"covered":1,"skipped":0,"pct":100},"statements":{"total":12,"covered":12,"skipped":0,"pct":100},"branches":{"total":2,"covered":2,"skipped":0,"pct":100}}
,"/Users/rcombs/dev/clay/cnn-content-hub/app/services/server/voter-tool.js": {"lines":{"total":6,"covered":4,"skipped":0,"pct":66.67},"functions":{"total":2,"covered":0,"skipped":0,"pct":0},"statements":{"total":7,"covered":4,"skipped":0,"pct":57.14},"branches":{"total":0,"covered":0,"skipped":0,"pct":100}}
,"/Users/rcombs/dev/clay/cnn-content-hub/app/services/startup/routes/mediacity.js": {"lines":{"total":10,"covered":10,"skipped":0,"pct":100},"functions":{"total":2,"covered":2,"skipped":0,"pct":100},"statements":{"total":10,"covered":10,"skipped":0,"pct":100},"branches":{"total":2,"covered":2,"skipped":0,"pct":100}}
,"/Users/rcombs/dev/clay/cnn-content-hub/app/services/startup/routes/public-apis/alerts.js": {"lines":{"total":21,"covered":21,"skipped":0,"pct":100},"functions":{"total":3,"covered":3,"skipped":0,"pct":100},"statements":{"total":21,"covered":21,"skipped":0,"pct":100},"branches":{"total":12,"covered":9,"skipped":0,"pct":75}}
,"/Users/rcombs/dev/clay/cnn-content-hub/app/services/universal/amp-helpers.js": {"lines":{"total":41,"covered":14,"skipped":0,"pct":34.15},"functions":{"total":12,"covered":3,"skipped":0,"pct":25},"statements":{"total":41,"covered":14,"skipped":0,"pct":34.15},"branches":{"total":19,"covered":4,"skipped":0,"pct":21.05}}
,"/Users/rcombs/dev/clay/cnn-content-hub/app/services/universal/byline.js": {"lines":{"total":46,"covered":46,"skipped":0,"pct":100},"functions":{"total":9,"covered":9,"skipped":0,"pct":100},"statements":{"total":47,"covered":47,"skipped":0,"pct":100},"branches":{"total":48,"covered":46,"skipped":0,"pct":95.83}}
,"/Users/rcombs/dev/clay/cnn-content-hub/app/services/universal/callout.js": {"lines":{"total":9,"covered":2,"skipped":0,"pct":22.22},"functions":{"total":3,"covered":0,"skipped":0,"pct":0},"statements":{"total":9,"covered":2,"skipped":0,"pct":22.22},"branches":{"total":10,"covered":0,"skipped":0,"pct":0}}
,"/Users/rcombs/dev/clay/cnn-content-hub/app/services/universal/config.js": {"lines":{"total":7,"covered":7,"skipped":0,"pct":100},"functions":{"total":1,"covered":1,"skipped":0,"pct":100},"statements":{"total":7,"covered":7,"skipped":0,"pct":100},"branches":{"total":8,"covered":7,"skipped":0,"pct":87.5}}
,"/Users/rcombs/dev/clay/cnn-content-hub/app/services/universal/content-picker.js": {"lines":{"total":36,"covered":24,"skipped":0,"pct":66.67},"functions":{"total":10,"covered":4,"skipped":0,"pct":40},"statements":{"total":36,"covered":24,"skipped":0,"pct":66.67},"branches":{"total":21,"covered":16,"skipped":0,"pct":76.19}}
,"/Users/rcombs/dev/clay/cnn-content-hub/app/services/universal/deduplicate.js": {"lines":{"total":11,"covered":5,"skipped":0,"pct":45.45},"functions":{"total":5,"covered":0,"skipped":0,"pct":0},"statements":{"total":14,"covered":5,"skipped":0,"pct":35.71},"branches":{"total":2,"covered":0,"skipped":0,"pct":0}}
,"/Users/rcombs/dev/clay/cnn-content-hub/app/services/universal/dynamic-meta.js": {"lines":{"total":8,"covered":8,"skipped":0,"pct":100},"functions":{"total":2,"covered":2,"skipped":0,"pct":100},"statements":{"total":8,"covered":8,"skipped":0,"pct":100},"branches":{"total":2,"covered":0,"skipped":0,"pct":0}}
,"/Users/rcombs/dev/clay/cnn-content-hub/app/services/universal/features.js": {"lines":{"total":10,"covered":10,"skipped":0,"pct":100},"functions":{"total":2,"covered":2,"skipped":0,"pct":100},"statements":{"total":10,"covered":10,"skipped":0,"pct":100},"branches":{"total":13,"covered":11,"skipped":0,"pct":84.62}}
,"/Users/rcombs/dev/clay/cnn-content-hub/app/services/universal/format-text.js": {"lines":{"total":2,"covered":1,"skipped":0,"pct":50},"functions":{"total":1,"covered":0,"skipped":0,"pct":0},"statements":{"total":2,"covered":1,"skipped":0,"pct":50},"branches":{"total":0,"covered":0,"skipped":0,"pct":100}}
,"/Users/rcombs/dev/clay/cnn-content-hub/app/services/universal/format-time.js": {"lines":{"total":68,"covered":64,"skipped":0,"pct":94.12},"functions":{"total":11,"covered":11,"skipped":0,"pct":100},"statements":{"total":74,"covered":67,"skipped":0,"pct":90.54},"branches":{"total":43,"covered":32,"skipped":0,"pct":74.42}}
,"/Users/rcombs/dev/clay/cnn-content-hub/app/services/universal/helpers.js": {"lines":{"total":48,"covered":17,"skipped":0,"pct":35.42},"functions":{"total":12,"covered":2,"skipped":0,"pct":16.67},"statements":{"total":50,"covered":17,"skipped":0,"pct":34},"branches":{"total":34,"covered":10,"skipped":0,"pct":29.41}}
,"/Users/rcombs/dev/clay/cnn-content-hub/app/services/universal/image-contract.js": {"lines":{"total":100,"covered":82,"skipped":0,"pct":82},"functions":{"total":14,"covered":9,"skipped":0,"pct":64.29},"statements":{"total":103,"covered":83,"skipped":0,"pct":80.58},"branches":{"total":47,"covered":22,"skipped":0,"pct":46.81}}
,"/Users/rcombs/dev/clay/cnn-content-hub/app/services/universal/image.js": {"lines":{"total":173,"covered":116,"skipped":0,"pct":67.05},"functions":{"total":37,"covered":29,"skipped":0,"pct":78.38},"statements":{"total":176,"covered":119,"skipped":0,"pct":67.61},"branches":{"total":105,"covered":49,"skipped":0,"pct":46.67}}
,"/Users/rcombs/dev/clay/cnn-content-hub/app/services/universal/iptc-extractor.js": {"lines":{"total":114,"covered":12,"skipped":0,"pct":10.53},"functions":{"total":19,"covered":2,"skipped":0,"pct":10.53},"statements":{"total":121,"covered":12,"skipped":0,"pct":9.92},"branches":{"total":79,"covered":8,"skipped":0,"pct":10.13}}
,"/Users/rcombs/dev/clay/cnn-content-hub/app/services/universal/log.js": {"lines":{"total":22,"covered":17,"skipped":0,"pct":77.27},"functions":{"total":4,"covered":2,"skipped":0,"pct":50},"statements":{"total":22,"covered":17,"skipped":0,"pct":77.27},"branches":{"total":11,"covered":8,"skipped":0,"pct":72.73}}
,"/Users/rcombs/dev/clay/cnn-content-hub/app/services/universal/model-extend.js": {"lines":{"total":11,"covered":11,"skipped":0,"pct":100},"functions":{"total":8,"covered":8,"skipped":0,"pct":100},"statements":{"total":14,"covered":14,"skipped":0,"pct":100},"branches":{"total":2,"covered":2,"skipped":0,"pct":100}}
,"/Users/rcombs/dev/clay/cnn-content-hub/app/services/universal/oembed-model.js": {"lines":{"total":29,"covered":29,"skipped":0,"pct":100},"functions":{"total":6,"covered":6,"skipped":0,"pct":100},"statements":{"total":30,"covered":29,"skipped":0,"pct":96.67},"branches":{"total":21,"covered":19,"skipped":0,"pct":90.48}}
,"/Users/rcombs/dev/clay/cnn-content-hub/app/services/universal/page.js": {"lines":{"total":23,"covered":23,"skipped":0,"pct":100},"functions":{"total":18,"covered":18,"skipped":0,"pct":100},"statements":{"total":23,"covered":23,"skipped":0,"pct":100},"branches":{"total":4,"covered":3,"skipped":0,"pct":75}}
,"/Users/rcombs/dev/clay/cnn-content-hub/app/services/universal/pagetabs.js": {"lines":{"total":50,"covered":49,"skipped":0,"pct":98},"functions":{"total":14,"covered":13,"skipped":0,"pct":92.86},"statements":{"total":50,"covered":49,"skipped":0,"pct":98},"branches":{"total":8,"covered":6,"skipped":0,"pct":75}}
,"/Users/rcombs/dev/clay/cnn-content-hub/app/services/universal/query-builder.js": {"lines":{"total":56,"covered":38,"skipped":0,"pct":67.86},"functions":{"total":18,"covered":12,"skipped":0,"pct":66.67},"statements":{"total":63,"covered":44,"skipped":0,"pct":69.84},"branches":{"total":27,"covered":7,"skipped":0,"pct":25.93}}
,"/Users/rcombs/dev/clay/cnn-content-hub/app/services/universal/rest.js": {"lines":{"total":66,"covered":20,"skipped":0,"pct":30.3},"functions":{"total":23,"covered":2,"skipped":0,"pct":8.7},"statements":{"total":66,"covered":20,"skipped":0,"pct":30.3},"branches":{"total":17,"covered":1,"skipped":0,"pct":5.88}}
,"/Users/rcombs/dev/clay/cnn-content-hub/app/services/universal/sanitize.js": {"lines":{"total":43,"covered":37,"skipped":0,"pct":86.05},"functions":{"total":10,"covered":8,"skipped":0,"pct":80},"statements":{"total":43,"covered":37,"skipped":0,"pct":86.05},"branches":{"total":13,"covered":8,"skipped":0,"pct":61.54}}
,"/Users/rcombs/dev/clay/cnn-content-hub/app/services/universal/set-publish-times.js": {"lines":{"total":8,"covered":8,"skipped":0,"pct":100},"functions":{"total":3,"covered":3,"skipped":0,"pct":100},"statements":{"total":8,"covered":8,"skipped":0,"pct":100},"branches":{"total":11,"covered":11,"skipped":0,"pct":100}}
,"/Users/rcombs/dev/clay/cnn-content-hub/app/services/universal/styles.js": {"lines":{"total":8,"covered":8,"skipped":0,"pct":100},"functions":{"total":2,"covered":2,"skipped":0,"pct":100},"statements":{"total":8,"covered":8,"skipped":0,"pct":100},"branches":{"total":0,"covered":0,"skipped":0,"pct":100}}
,"/Users/rcombs/dev/clay/cnn-content-hub/app/services/universal/tags.js": {"lines":{"total":8,"covered":8,"skipped":0,"pct":100},"functions":{"total":3,"covered":3,"skipped":0,"pct":100},"statements":{"total":8,"covered":8,"skipped":0,"pct":100},"branches":{"total":4,"covered":4,"skipped":0,"pct":100}}
,"/Users/rcombs/dev/clay/cnn-content-hub/app/services/universal/truncate.js": {"lines":{"total":7,"covered":2,"skipped":0,"pct":28.57},"functions":{"total":1,"covered":0,"skipped":0,"pct":0},"statements":{"total":7,"covered":2,"skipped":0,"pct":28.57},"branches":{"total":2,"covered":0,"skipped":0,"pct":0}}
,"/Users/rcombs/dev/clay/cnn-content-hub/app/services/universal/utils.js": {"lines":{"total":147,"covered":83,"skipped":0,"pct":56.46},"functions":{"total":34,"covered":16,"skipped":0,"pct":47.06},"statements":{"total":150,"covered":84,"skipped":0,"pct":56},"branches":{"total":102,"covered":36,"skipped":0,"pct":35.29}}
,"/Users/rcombs/dev/clay/cnn-content-hub/app/services/universal/validation.js": {"lines":{"total":19,"covered":19,"skipped":0,"pct":100},"functions":{"total":1,"covered":1,"skipped":0,"pct":100},"statements":{"total":19,"covered":19,"skipped":0,"pct":100},"branches":{"total":24,"covered":21,"skipped":0,"pct":87.5}}
,"/Users/rcombs/dev/clay/cnn-content-hub/app/services/universal/video.js": {"lines":{"total":3,"covered":3,"skipped":0,"pct":100},"functions":{"total":1,"covered":1,"skipped":0,"pct":100},"statements":{"total":3,"covered":3,"skipped":0,"pct":100},"branches":{"total":0,"covered":0,"skipped":0,"pct":100}}
,"/Users/rcombs/dev/clay/cnn-content-hub/app/services/universal/voter-tool.js": {"lines":{"total":13,"covered":6,"skipped":0,"pct":46.15},"functions":{"total":1,"covered":0,"skipped":0,"pct":0},"statements":{"total":13,"covered":6,"skipped":0,"pct":46.15},"branches":{"total":4,"covered":0,"skipped":0,"pct":0}}
,"/Users/rcombs/dev/clay/cnn-content-hub/app/services/universal/schema-org/article.js": {"lines":{"total":7,"covered":7,"skipped":0,"pct":100},"functions":{"total":2,"covered":2,"skipped":0,"pct":100},"statements":{"total":8,"covered":8,"skipped":0,"pct":100},"branches":{"total":6,"covered":6,"skipped":0,"pct":100}}
,"/Users/rcombs/dev/clay/cnn-content-hub/app/services/universal/schema-org/collection-page.js": {"lines":{"total":3,"covered":3,"skipped":0,"pct":100},"functions":{"total":1,"covered":1,"skipped":0,"pct":100},"statements":{"total":3,"covered":3,"skipped":0,"pct":100},"branches":{"total":2,"covered":2,"skipped":0,"pct":100}}
,"/Users/rcombs/dev/clay/cnn-content-hub/app/services/universal/schema-org/image-gallery.js": {"lines":{"total":4,"covered":4,"skipped":0,"pct":100},"functions":{"total":1,"covered":1,"skipped":0,"pct":100},"statements":{"total":4,"covered":4,"skipped":0,"pct":100},"branches":{"total":4,"covered":4,"skipped":0,"pct":100}}
,"/Users/rcombs/dev/clay/cnn-content-hub/app/services/universal/schema-org/organization.js": {"lines":{"total":6,"covered":6,"skipped":0,"pct":100},"functions":{"total":1,"covered":1,"skipped":0,"pct":100},"statements":{"total":6,"covered":6,"skipped":0,"pct":100},"branches":{"total":0,"covered":0,"skipped":0,"pct":100}}
,"/Users/rcombs/dev/clay/cnn-content-hub/app/services/universal/schema-org/person.js": {"lines":{"total":2,"covered":2,"skipped":0,"pct":100},"functions":{"total":1,"covered":1,"skipped":0,"pct":100},"statements":{"total":2,"covered":2,"skipped":0,"pct":100},"branches":{"total":11,"covered":10,"skipped":0,"pct":90.91}}
,"/Users/rcombs/dev/clay/cnn-content-hub/app/services/universal/schema-org/video-object.js": {"lines":{"total":2,"covered":2,"skipped":0,"pct":100},"functions":{"total":1,"covered":1,"skipped":0,"pct":100},"statements":{"total":2,"covered":2,"skipped":0,"pct":100},"branches":{"total":0,"covered":0,"skipped":0,"pct":100}}
,"/Users/rcombs/dev/clay/cnn-content-hub/app/services/universal/selective-publishing/kiln-extension.js": {"lines":{"total":8,"covered":8,"skipped":0,"pct":100},"functions":{"total":3,"covered":3,"skipped":0,"pct":100},"statements":{"total":8,"covered":8,"skipped":0,"pct":100},"branches":{"total":2,"covered":1,"skipped":0,"pct":50}}
,"/Users/rcombs/dev/clay/cnn-content-hub/app/services/universal/selective-publishing/model-extension.js": {"lines":{"total":30,"covered":26,"skipped":0,"pct":86.67},"functions":{"total":3,"covered":3,"skipped":0,"pct":100},"statements":{"total":30,"covered":26,"skipped":0,"pct":86.67},"branches":{"total":15,"covered":7,"skipped":0,"pct":46.67}}
,"/Users/rcombs/dev/clay/cnn-content-hub/app/test/components/formfield-checkbox/__snapshots__/template.test.js.snap": {"lines":{"total":6,"covered":6,"skipped":0,"pct":100},"functions":{"total":0,"covered":0,"skipped":0,"pct":100},"statements":{"total":6,"covered":6,"skipped":0,"pct":100},"branches":{"total":0,"covered":0,"skipped":0,"pct":100}}
,"/Users/rcombs/dev/clay/cnn-content-hub/app/test/components/formfield-text/__snapshots__/template.test.js.snap": {"lines":{"total":10,"covered":10,"skipped":0,"pct":100},"functions":{"total":0,"covered":0,"skipped":0,"pct":100},"statements":{"total":10,"covered":10,"skipped":0,"pct":100},"branches":{"total":0,"covered":0,"skipped":0,"pct":100}}
,"/Users/rcombs/dev/clay/cnn-content-hub/app/test/components/newsletter-hub/__snapshots__/template.test.js.snap": {"lines":{"total":5,"covered":5,"skipped":0,"pct":100},"functions":{"total":0,"covered":0,"skipped":0,"pct":100},"statements":{"total":5,"covered":5,"skipped":0,"pct":100},"branches":{"total":0,"covered":0,"skipped":0,"pct":100}}
,"/Users/rcombs/dev/clay/cnn-content-hub/app/test/components/user-account-login-form/__snapshots__/template.test.js.snap": {"lines":{"total":4,"covered":4,"skipped":0,"pct":100},"functions":{"total":0,"covered":0,"skipped":0,"pct":100},"statements":{"total":4,"covered":4,"skipped":0,"pct":100},"branches":{"total":0,"covered":0,"skipped":0,"pct":100}}
,"/Users/rcombs/dev/clay/cnn-content-hub/app/test/components/user-account-login/__snapshots__/template.test.js.snap": {"lines":{"total":5,"covered":5,"skipped":0,"pct":100},"functions":{"total":0,"covered":0,"skipped":0,"pct":100},"statements":{"total":5,"covered":5,"skipped":0,"pct":100},"branches":{"total":0,"covered":0,"skipped":0,"pct":100}}
,"/Users/rcombs/dev/clay/cnn-content-hub/app/test/components/user-account-registration/__snapshots__/template.test.js.snap": {"lines":{"total":2,"covered":2,"skipped":0,"pct":100},"functions":{"total":0,"covered":0,"skipped":0,"pct":100},"statements":{"total":2,"covered":2,"skipped":0,"pct":100},"branches":{"total":0,"covered":0,"skipped":0,"pct":100}}
,"/Users/rcombs/dev/clay/cnn-content-hub/app/test/utils/kilnInputMock.js": {"lines":{"total":64,"covered":64,"skipped":0,"pct":100},"functions":{"total":10,"covered":10,"skipped":0,"pct":100},"statements":{"total":66,"covered":66,"skipped":0,"pct":100},"branches":{"total":14,"covered":12,"skipped":0,"pct":85.71}}
,"/Users/rcombs/dev/clay/cnn-content-hub/app/test/utils/kilnMock.js": {"lines":{"total":7,"covered":7,"skipped":0,"pct":100},"functions":{"total":0,"covered":0,"skipped":0,"pct":100},"statements":{"total":7,"covered":7,"skipped":0,"pct":100},"branches":{"total":0,"covered":0,"skipped":0,"pct":100}}
,"/Users/rcombs/dev/clay/cnn-content-hub/app/test/utils/window.js": {"lines":{"total":50,"covered":46,"skipped":0,"pct":92},"functions":{"total":10,"covered":9,"skipped":0,"pct":90},"statements":{"total":51,"covered":47,"skipped":0,"pct":92.16},"branches":{"total":13,"covered":10,"skipped":0,"pct":76.92}}
,"/Users/rcombs/dev/clay/cnn-content-hub/app/test/utils/hbs-serializer/index.js": {"lines":{"total":5,"covered":5,"skipped":0,"pct":100},"functions":{"total":2,"covered":2,"skipped":0,"pct":100},"statements":{"total":5,"covered":5,"skipped":0,"pct":100},"branches":{"total":0,"covered":0,"skipped":0,"pct":100}}
,"/Users/rcombs/dev/clay/cnn-content-hub/app/test/utils/hbs-transform/create-custom-compiler.js": {"lines":{"total":29,"covered":12,"skipped":0,"pct":41.38},"functions":{"total":2,"covered":1,"skipped":0,"pct":50},"statements":{"total":29,"covered":12,"skipped":0,"pct":41.38},"branches":{"total":15,"covered":1,"skipped":0,"pct":6.67}}
,"/Users/rcombs/dev/clay/cnn-content-hub/app/test/utils/hbs-transform/create-handlebars-env.js": {"lines":{"total":6,"covered":6,"skipped":0,"pct":100},"functions":{"total":1,"covered":1,"skipped":0,"pct":100},"statements":{"total":6,"covered":6,"skipped":0,"pct":100},"branches":{"total":0,"covered":0,"skipped":0,"pct":100}}
,"/Users/rcombs/dev/clay/cnn-content-hub/app/test/utils/hbs-transform/find-helpers.js": {"lines":{"total":26,"covered":21,"skipped":0,"pct":80.77},"functions":{"total":3,"covered":3,"skipped":0,"pct":100},"statements":{"total":26,"covered":21,"skipped":0,"pct":80.77},"branches":{"total":13,"covered":8,"skipped":0,"pct":61.54}}
,"/Users/rcombs/dev/clay/cnn-content-hub/app/test/utils/hbs-transform/find-partials.js": {"lines":{"total":23,"covered":22,"skipped":0,"pct":95.65},"functions":{"total":5,"covered":5,"skipped":0,"pct":100},"statements":{"total":24,"covered":23,"skipped":0,"pct":95.83},"branches":{"total":10,"covered":8,"skipped":0,"pct":80}}
,"/Users/rcombs/dev/clay/cnn-content-hub/app/test/utils/hbs-transform/find-stub-partials.js": {"lines":{"total":14,"covered":6,"skipped":0,"pct":42.86},"functions":{"total":2,"covered":1,"skipped":0,"pct":50},"statements":{"total":14,"covered":6,"skipped":0,"pct":42.86},"branches":{"total":4,"covered":1,"skipped":0,"pct":25}}
,"/Users/rcombs/dev/clay/cnn-content-hub/app/test/utils/hbs-transform/get-handlebars-config.js": {"lines":{"total":6,"covered":6,"skipped":0,"pct":100},"functions":{"total":1,"covered":1,"skipped":0,"pct":100},"statements":{"total":6,"covered":6,"skipped":0,"pct":100},"branches":{"total":8,"covered":8,"skipped":0,"pct":100}}
,"/Users/rcombs/dev/clay/cnn-content-hub/app/test/utils/hbs-transform/process.js": {"lines":{"total":29,"covered":25,"skipped":0,"pct":86.21},"functions":{"total":8,"covered":5,"skipped":0,"pct":62.5},"statements":{"total":29,"covered":25,"skipped":0,"pct":86.21},"branches":{"total":10,"covered":5,"skipped":0,"pct":50}}
,"/Users/rcombs/dev/clay/cnn-content-hub/app/test/utils/hbs-transform/resolve-root-dir.js": {"lines":{"total":2,"covered":2,"skipped":0,"pct":100},"functions":{"total":1,"covered":1,"skipped":0,"pct":100},"statements":{"total":2,"covered":2,"skipped":0,"pct":100},"branches":{"total":0,"covered":0,"skipped":0,"pct":100}}
,"/Users/rcombs/dev/clay/cnn-content-hub/app/test/utils/hbs-transform/walk-dir.js": {"lines":{"total":8,"covered":8,"skipped":0,"pct":100},"functions":{"total":2,"covered":2,"skipped":0,"pct":100},"statements":{"total":8,"covered":8,"skipped":0,"pct":100},"branches":{"total":2,"covered":2,"skipped":0,"pct":100}}
,"/Users/rcombs/dev/clay/cnn-content-hub/app/test/utils/hbs-transform/helpers/read.js": {"lines":{"total":3,"covered":3,"skipped":0,"pct":100},"functions":{"total":1,"covered":1,"skipped":0,"pct":100},"statements":{"total":3,"covered":3,"skipped":0,"pct":100},"branches":{"total":0,"covered":0,"skipped":0,"pct":100}}
}
